12:31:29 <INFO> Started REINVENT 4.0.28 (C) AstraZeneca 2017, 2023 on 2024-01-07
12:31:29 <INFO> Command line: /homes/avasan/miniconda3/envs/reinvent4/bin/reinvent -l staged_libinvent.log configs/toml/staged_learning.toml
12:31:29 <INFO> User avasan on host lambda0
12:31:29 <INFO> Python version 3.10.13
12:31:29 <INFO> PyTorch version 1.12.1+cu113, git 664058fa83f1d8eede5d66418abff6e20bd76ca8
12:31:29 <INFO> PyTorch compiled with CUDA version 11.3
12:31:29 <INFO> RDKit version 2022.09.5
12:31:29 <INFO> Platform Linux-5.4.0-164-generic-x86_64-with-glibc2.31
12:31:29 <INFO> CUDA driver version 535.104.12
12:31:29 <INFO> Number of PyTorch CUDA devices 8
12:31:29 <INFO> Using CUDA device:0 Tesla V100-SXM2-32GB
12:31:29 <INFO> GPU memory: 32191 MiB free, 32501 MiB total
12:31:29 <INFO> Writing TensorBoard summary to /lambda_stor/homes/avasan/REINVENT4/tb_logs
12:31:29 <INFO> Writing JSON config file to /lambda_stor/homes/avasan/REINVENT4/_staged_learning.json
12:31:29 <INFO> Starting 2 stages of Reinforcement Learning
12:31:33 <INFO> Using generator Libinvent
12:31:33 <INFO> Prior read from /lambda_stor/homes/avasan/REINVENT4/priors/libinvent.prior
12:31:33 <INFO> Agent read from /lambda_stor/homes/avasan/REINVENT4/priors/libinvent.prior
12:31:33 <INFO> Input molecules/fragments read from file configs/toml/scaffolds.smi
12:31:33 <INFO> Using reward strategy dap
12:31:33 <INFO> Using diversity filter IdenticalMurckoScaffold
12:31:33 <INFO> Diversity filter memories are retained between stages
12:31:33 <INFO> Registered scoring component ROCSSimilarity
12:31:33 <INFO> Registered scoring component GroupCount
12:31:33 <INFO> Registered scoring component FragmentQed
12:31:33 <INFO> Registered scoring component FragmentSlogP
12:31:33 <INFO> Registered scoring component FragmentMolecularWeight
12:31:33 <INFO> Registered scoring component FragmentTPSA
12:31:33 <INFO> Registered scoring component FragmentDistanceMatrix
12:31:33 <INFO> Registered scoring component FragmentNumAtomStereoCenters
12:31:33 <INFO> Registered scoring component FragmentHBondAcceptors
12:31:33 <INFO> Registered scoring component FragmentHBondDonors
12:31:33 <INFO> Registered scoring component FragmentNumRotBond
12:31:33 <INFO> Registered scoring component FragmentCsp3
12:31:33 <INFO> Registered scoring component Fragmentnumsp
12:31:33 <INFO> Registered scoring component Fragmentnumsp2
12:31:33 <INFO> Registered scoring component Fragmentnumsp3
12:31:33 <INFO> Registered scoring component FragmentEffectiveLength
12:31:33 <INFO> Registered scoring component FragmentGraphLength
12:31:33 <INFO> Registered scoring component FragmentLengthRatio
12:31:33 <INFO> Registered scoring component FragmentNumHeavyAtoms
12:31:33 <INFO> Registered scoring component FragmentNumHeteroAtoms
12:31:33 <INFO> Registered scoring component FragmentNumRings
12:31:33 <INFO> Registered scoring component FragmentNumAromaticRings
12:31:33 <INFO> Registered scoring component FragmentNumAliphaticRings
12:31:33 <INFO> Registered scoring component FragmentSlogP
12:31:33 <INFO> Registered scoring component MatchingSubstructure
12:31:33 <INFO> Registered scoring component MolVolume
12:31:33 <INFO> Registered scoring component Qed
12:31:33 <INFO> Registered scoring component SlogP
12:31:33 <INFO> Registered scoring component MolecularWeight
12:31:33 <INFO> Registered scoring component GraphLength
12:31:33 <INFO> Registered scoring component NumAtomStereoCenters
12:31:33 <INFO> Registered scoring component HBondAcceptors
12:31:33 <INFO> Registered scoring component HBondDonors
12:31:33 <INFO> Registered scoring component NumRotBond
12:31:33 <INFO> Registered scoring component Csp3
12:31:33 <INFO> Registered scoring component numsp
12:31:33 <INFO> Registered scoring component numsp2
12:31:33 <INFO> Registered scoring component numsp3
12:31:33 <INFO> Registered scoring component NumHeavyAtoms
12:31:33 <INFO> Registered scoring component NumHeteroAtoms
12:31:33 <INFO> Registered scoring component NumRings
12:31:33 <INFO> Registered scoring component NumAromaticRings
12:31:33 <INFO> Registered scoring component NumAliphaticRings
12:31:33 <INFO> Registered scoring component SlogP
12:31:33 <INFO> Registered scoring component PMI
12:31:33 <INFO> Registered scoring component TanimotoDistance
12:31:33 <INFO> Registered scoring component TPSA
12:31:33 <INFO> Registered scoring component SAScore
12:31:34 <INFO> Registered scoring component ChemProp
12:31:34 <INFO> Registered scoring component CustomAlerts
12:31:34 <INFO> Registered scoring component DockStream
12:31:34 <INFO> Registered scoring component ExternalProcess
12:31:34 <INFO> Registered scoring component REST
12:31:34 <INFO> Registered scoring component Icolos
12:31:34 <INFO> Registered scoring component Maize
12:31:34 <INFO> Registered scoring component MMP
12:31:34 <INFO> Registered scoring component Qptuna
12:31:34 <INFO> Registered scoring component ReactionFilter
12:31:34 <INFO> Creating filter component custom_alerts
12:31:34 <INFO> Creating scoring component MolecularWeight
12:31:34 <INFO> Reading score components from configs/toml/stage2_scoring.toml
12:31:34 <INFO> Registered scoring component ROCSSimilarity
12:31:34 <INFO> Registered scoring component GroupCount
12:31:34 <INFO> Registered scoring component FragmentQed
12:31:34 <INFO> Registered scoring component FragmentSlogP
12:31:34 <INFO> Registered scoring component FragmentMolecularWeight
12:31:34 <INFO> Registered scoring component FragmentTPSA
12:31:34 <INFO> Registered scoring component FragmentDistanceMatrix
12:31:34 <INFO> Registered scoring component FragmentNumAtomStereoCenters
12:31:34 <INFO> Registered scoring component FragmentHBondAcceptors
12:31:34 <INFO> Registered scoring component FragmentHBondDonors
12:31:34 <INFO> Registered scoring component FragmentNumRotBond
12:31:34 <INFO> Registered scoring component FragmentCsp3
12:31:34 <INFO> Registered scoring component Fragmentnumsp
12:31:34 <INFO> Registered scoring component Fragmentnumsp2
12:31:34 <INFO> Registered scoring component Fragmentnumsp3
12:31:34 <INFO> Registered scoring component FragmentEffectiveLength
12:31:34 <INFO> Registered scoring component FragmentGraphLength
12:31:34 <INFO> Registered scoring component FragmentLengthRatio
12:31:34 <INFO> Registered scoring component FragmentNumHeavyAtoms
12:31:34 <INFO> Registered scoring component FragmentNumHeteroAtoms
12:31:34 <INFO> Registered scoring component FragmentNumRings
12:31:34 <INFO> Registered scoring component FragmentNumAromaticRings
12:31:34 <INFO> Registered scoring component FragmentNumAliphaticRings
12:31:34 <INFO> Registered scoring component FragmentSlogP
12:31:34 <INFO> Registered scoring component MatchingSubstructure
12:31:34 <INFO> Registered scoring component MolVolume
12:31:34 <INFO> Registered scoring component Qed
12:31:34 <INFO> Registered scoring component SlogP
12:31:34 <INFO> Registered scoring component MolecularWeight
12:31:34 <INFO> Registered scoring component GraphLength
12:31:34 <INFO> Registered scoring component NumAtomStereoCenters
12:31:34 <INFO> Registered scoring component HBondAcceptors
12:31:34 <INFO> Registered scoring component HBondDonors
12:31:34 <INFO> Registered scoring component NumRotBond
12:31:34 <INFO> Registered scoring component Csp3
12:31:34 <INFO> Registered scoring component numsp
12:31:34 <INFO> Registered scoring component numsp2
12:31:34 <INFO> Registered scoring component numsp3
12:31:34 <INFO> Registered scoring component NumHeavyAtoms
12:31:34 <INFO> Registered scoring component NumHeteroAtoms
12:31:34 <INFO> Registered scoring component NumRings
12:31:34 <INFO> Registered scoring component NumAromaticRings
12:31:34 <INFO> Registered scoring component NumAliphaticRings
12:31:34 <INFO> Registered scoring component SlogP
12:31:34 <INFO> Registered scoring component PMI
12:31:34 <INFO> Registered scoring component TanimotoDistance
12:31:34 <INFO> Registered scoring component TPSA
12:31:34 <INFO> Registered scoring component SAScore
12:31:34 <INFO> Registered scoring component ChemProp
12:31:34 <INFO> Registered scoring component CustomAlerts
12:31:34 <INFO> Registered scoring component DockStream
12:31:34 <INFO> Registered scoring component ExternalProcess
12:31:34 <INFO> Registered scoring component REST
12:31:34 <INFO> Registered scoring component Icolos
12:31:34 <INFO> Registered scoring component Maize
12:31:34 <INFO> Registered scoring component MMP
12:31:34 <INFO> Registered scoring component Qptuna
12:31:34 <INFO> Registered scoring component ReactionFilter
12:31:34 <INFO> Creating scoring component QED
12:31:34 <INFO> Writing tabular data for stage to staged_learning_1.csv
12:31:34 <INFO> Starting stage 1 <<<
12:31:34 <INFO> Current GPU memory usage: 1584 MiB used, 30917 MiB free
12:31:36 <INFO> Score: 0.82 Agent NLL: 20.87 Valid:  99% Step: 1
 | Agent Prior Target Score SMILES Scaffold Molecular weight Molecular weight (raw) Unwanted SMARTS Unwanted SMARTS (raw)
 | 23.5955 22.8412 105.1535 0.9999584 N#C[CH2:0][CH2:0]c1ccc2cncc([CH2:1][NH:1]S(=O)(=O)Cc3ccc(C#N)cc3)c2c1 O=S(=O)(Cc1ccccc1)[NH:1][CH2:1]c1cncc2ccccc12 0.9999584 390.4680 1.0000000 1.0000
 | 18.4545 16.4265 111.5710 0.9999800 CS(=O)(=O)NC(=O)C[CH2:0][CH2:0]c1ccc2cncc([CH2:1][c:1]3ccccc3)c2c1 c1cc[c:1]([CH2:1]c2cncc3ccccc23)cc1 0.9999800 382.4850 1.0000000 1.0000
 | 10.4939 10.0987 117.8935 0.9999390 O=C(O)C[CH2:0][CH2:0]c1ccc2cncc([CH2:1][c:1]3ccccc3)c2c1 c1cc[c:1]([CH2:1]c2cncc3ccccc23)cc1 0.9999390 305.3770 0.0000000 0.0000
 | 11.6251 11.7083 116.2839 0.9999390 O=C(O)c1cccc([CH2:0][CH2:0]c2ccc3cncc([CH2:1][CH3:1])c3c2)c1 c1ccc([CH2:0][CH2:0]c2ccc3cnccc3c2)cc1 0.9999390 305.3770 0.0000000 0.0000
 | 17.5275 18.9284 109.0713 0.9999975 [CH3:0][CH2:0]c1ccc2cncc([CH2:1][CH2:1]CNC(=O)NCCCCC(=O)O)c2c1 c1ccc2cnccc2c1 0.9999975 357.4540 0.0000000 0.0000
 | 14.0292 14.8088 113.0679 0.9990367 [CH3:0][CH2:0]c1ccc2cncc([CH2:1][c:1]3cc(C)ccc3C)c2c1 c1cc[c:1]([CH2:1]c2cncc3ccccc23)cc1 0.9990367 275.3950 1.0000000 1.0000
 | 8.9788 8.0191 56.8209 0.5065620 [CH3:0][CH2:0]c1ccc2cncc([CH2:1][NH:1]C)c2c1 c1ccc2cnccc2c1 0.5065620 200.2850 1.0000000 1.0000
 | 10.3040 9.7593 116.7650 0.9884707 [CH3:0][CH2:0]c1ccc2cncc([CH2:1][c:1]3ccncc3)c2c1 c1ccc2c([CH2:1][c:1]3ccncc3)cncc2c1 0.9884707 248.3290 1.0000000 1.0000
 | 11.4239 12.6205 115.2669 0.9991204 [CH3:0][CH2:0]c1ccc2cncc([CH2:1][c:1]3ccc(CN)cc3)c2c1 c1cc[c:1]([CH2:1]c2cncc3ccccc23)cc1 0.9991204 276.3830 1.0000000 1.0000
 | 9.9519 10.3635 116.1608 0.9884707 [CH3:0][CH2:0]c1ccc2cncc([CH2:1][c:1]3cccnc3)c2c1 c1ccc2c([CH2:1][c:1]3cccnc3)cncc2c1 0.9884707 248.3290 1.0000000 1.0000
12:31:37 <INFO> Score: 0.88 Agent NLL: 16.45 Valid: 100% Step: 2
 | Agent Prior Target Score SMILES Scaffold Molecular weight Molecular weight (raw) Unwanted SMARTS Unwanted SMARTS (raw)
 | 33.9019 37.4435 -25.4396 0.0937807 Nc1cc(C(=O)NCc2cc([CH2:0][CH2:0]c3cnc4cncc([CH2:1][c:1]5ccccc5)c4c3)c3ccccc3n2)ccn1 O=C(NCc1cc([CH2:0][CH2:0]c2cnc3cncc([CH2:1][c:1]4ccccc4)c3c2)c2ccccc2n1)c1ccncc1 0.0937807 524.6280 1.0000000 1.0000
 | 7.7288 10.8348 115.6895 0.9884707 [CH3:0][CH2:0]c1cnc2cncc([CH2:1][c:1]3ccccc3)c2c1 c1cc[c:1]([CH2:1]c2cncc3ncccc23)cc1 0.9884707 248.3290 1.0000000 1.0000
 | 13.3471 11.8746 116.0716 0.9995797 CNC1CC[N:0]([CH2:0]c2cnc3cncc([CH2:1][CH3:1])c3c2)CC1 c1cc2cc([CH2:0][N:0]3CCCCC3)cnc2cn1 0.9995797 284.4070 1.0000000 1.0000
 | 42.5456 42.5671 -42.3398 0.0017761 CC(CO)CNC(=O)c1ccccc1NS(=O)(=O)N1CCCCC1CC[NH:0][CH2:0]c1cnc2cncc([CH2:1][CH3:1])c2c1 O=S(=O)(Nc1ccccc1)N1CCCCC1CC[NH:0][CH2:0]c1cnc2cnccc2c1 0.0017761 568.7440 1.0000000 1.0000
 | 17.3663 17.8334 110.1617 0.9999613 O=[N+]([O-])c1cccnc1[NH:0][CH2:0]c1cnc2cncc([CH2:1][NH2:1])c2c1 c1ccc([NH:0][CH2:0]c2cnc3cnccc3c2)nc1 0.9999613 310.3170 1.0000000 1.0000
 | 11.0323 11.6792 58.9607 0.5518741 C[NH:1][CH2:1]c1cncc2ncc([CH2:0][NH2:0])cc12 c1cnc2cnccc2c1 0.5518741 202.2610 1.0000000 1.0000
 | 12.9818 13.4115 114.5874 0.9999911 CS(=O)(=O)c1ccc[c:0]([CH2:0]c2cnc3cncc([CH2:1][CH3:1])c3c2)c1 c1cc[c:0]([CH2:0]c2cnc3cnccc3c2)cc1 0.9999911 326.4210 1.0000000 1.0000
 | 23.1187 20.6947 107.2347 0.9994487 COCC(=O)NC1CNCCC1c1cc[c:0]([CH2:0]c2cnc3cncc([CH2:1][CH3:1])c3c2)cc1 c1cc2cc([CH2:0][c:0]3ccc(C4CCNCC4)cc3)cnc2cn1 0.9994487 418.5410 1.0000000 1.0000
 | 7.7655 9.4302 117.0941 0.9884707 c1cc[c:0]([CH2:0]c2cnc3cncc([CH2:1][CH3:1])c3c2)cc1 c1cc[c:0]([CH2:0]c2cnc3cnccc3c2)cc1 0.9884707 248.3290 1.0000000 1.0000
 | 15.7180 16.2658 111.4227 0.9975661 C[O:1][CH2:1]c1cncc2ncc([CH2:0][c:0]3ccncc3)cc12 c1c[c:0]([CH2:0]c2cnc3cnccc3c2)ccn1 0.9975661 265.3160 1.0000000 1.0000
12:31:38 <INFO> Score: 0.83 Agent NLL: 18.37 Valid:  99% Step: 3
 | Agent Prior Target Score SMILES Scaffold Molecular weight Molecular weight (raw) Unwanted SMARTS Unwanted SMARTS (raw)
 | 23.1925 27.0676 100.8735 0.9995402 NC1CCC(CCNC(=O)[CH2:0][CH2:0]c2cncc3ncc([CH2:1][c:1]4ccccc4)cc23)CC1 O=C([CH2:0][CH2:0]c1cncc2ncc([CH2:1][c:1]3ccccc3)cc12)NCCC1CCCCC1 0.9995402 416.5690 1.0000000 1.0000
 | 15.0656 16.5435 111.3975 0.9995397 [CH3:0][CH2:0]c1cncc2ncc([CH2:1][CH2:1]CN3CCCCC3)cc12 c1cc2cc([CH2:1][CH2:1]CN3CCCCC3)cnc2cn1 0.9995397 283.4190 1.0000000 1.0000
 | 17.2793 16.2485 111.7413 0.9999205 [CH3:0][CH2:0]c1cncc2ncc([CH2:1][c:1]3ccc(C(=O)NCCS(C)(=O)=O)cc3)cc12 c1cc[c:1]([CH2:1]c2cnc3cnccc3c2)cc1 0.9999205 397.5000 1.0000000 1.0000
 | 15.0139 13.6759 114.1099 0.9983266 [CH3:0][CH2:0]c1cncc2ncc([CH2:1][CH2:1]CN3CCCC3)cc12 c1cc2cc([CH2:1][CH2:1]CN3CCCC3)cnc2cn1 0.9983266 269.3920 1.0000000 1.0000
 | 21.0974 21.7672 106.2319 0.9999933 [CH3:0][CH2:0]c1cncc2ncc([CH2:1][CH2:1]CNC(=O)c3ccc4ccccc4n3)cc12 O=C(NC[CH2:1][CH2:1]c1cnc2cnccc2c1)c1ccc2ccccc2n1 0.9999933 370.4560 1.0000000 1.0000
 | 17.3857 19.4805 108.5173 0.9999832 COc1cc[c:1]([CH2:1]c2cnc3cncc([CH2:0][N:0]4CCC4)c3c2)cc1 c1cc[c:1]([CH2:1]c2cnc3cncc([CH2:0][N:0]4CCC4)c3c2)cc1 0.9999832 319.4080 1.0000000 1.0000
 | 34.2169 35.6699 89.3161 0.9764532 Cn1ccc2c([NH:1][CH2:1]c3cnc4cncc([CH2:0][NH:0]Cc5cccc6ccccc56)c4c3)ncnc21 c1ccc2c(C[NH:0][CH2:0]c3cncc4ncc([CH2:1][NH:1]c5ncnc6[nH]ccc56)cc34)cccc2c1 0.9764532 459.5570 1.0000000 1.0000
 | 29.7696 26.8003 77.4153 0.8141842 O=C(O)CNc1cnc2cc(-c3ccc(Cl)cc3)ccc2[c:0]1[CH2:0]c1cncc2ncc([CH2:1][NH2:1])cc12 c1ccc(-c2ccc3[c:0]([CH2:0]c4cncc5ncccc45)ccnc3c2)cc1 0.8141842 483.9590 0.0000000 0.0000
 | 26.8485 25.8713 98.2082 0.9693712 CC(C)C(NC(=O)c1ccc(F)c[c:0]1[CH2:0]c1cncc2ncc([CH2:1][N:1](C)C)cc12)C(F)(F)F c1cc[c:0]([CH2:0]c2cncc3ncccc23)cc1 0.9693712 462.4910 1.0000000 1.0000
 | 20.2879 20.7853 107.2145 0.9999980 CNC(=O)c1cc[c:0]([CH2:0]c2cncc3ncc([CH2:1][O:1]C)cc23)cc1OC c1cc[c:0]([CH2:0]c2cncc3ncccc23)cc1 0.9999980 351.4060 1.0000000 1.0000
12:31:39 <INFO> Score: 0.87 Agent NLL: 18.57 Valid:  99% Step: 4
 | Agent Prior Target Score SMILES Scaffold Molecular weight Molecular weight (raw) Unwanted SMARTS Unwanted SMARTS (raw)
 | 13.3913 11.9619 116.0343 0.9999707 FC(F)C[NH:0][CH2:0]c1cnc2cncc([CH2:1][c:1]3ccccc3)c2c1 c1cc[c:1]([CH2:1]c2cncc3ncccc23)cc1 0.9999707 313.3510 1.0000000 1.0000
 | 13.9233 12.3762 115.6135 0.9999197 N#CCC[NH:0][CH2:0]c1cnc2cncc([CH2:1][c:1]3ccccc3)c2c1 c1cc[c:1]([CH2:1]c2cncc3ncccc23)cc1 0.9999197 302.3810 1.0000000 1.0000
 | 16.9204 17.6378 106.9421 0.9732799 COc1cc(Cl)ccc1C(=O)NCC[NH:0][CH2:0]c1cnc2cncc([CH2:1][c:1]3ccccc3)c2c1 O=C(NCC[NH:0][CH2:0]c1cnc2cncc([CH2:1][c:1]3ccccc3)c2c1)c1ccccc1 0.9732799 460.9650 1.0000000 1.0000
 | 22.2095 23.8886 104.0532 0.9995450 Cc1ccc([N+](=O)[O-])cc1C[NH:0][CH2:0]c1cnc2cncc([CH2:1][c:1]3ccccc3F)c2c1 c1ccc(C[NH:0][CH2:0]c2cnc3cncc([CH2:1][c:1]4ccccc4)c3c2)cc1 0.9995450 416.4560 1.0000000 1.0000
 | 11.4332 11.7521 116.2420 0.9999538 OCc1ccc(C[NH:0][CH2:0]c2cnc3cncc([CH2:1][NH2:1])c3c2)cc1 c1ccc(C[NH:0][CH2:0]c2cnc3cnccc3c2)cc1 0.9999538 308.3850 1.0000000 1.0000
 | 21.9364 23.3689 104.6308 0.9999975 Cc1cccc[c:1]1[CH2:1]c1cncc2ncc([CH2:0][NH:0]Cc3nccn3C)cc12 c1cc[c:1]([CH2:1]c2cncc3ncc([CH2:0][NH:0]Cc4ncc[nH]4)cc23)cc1 0.9999975 357.4610 1.0000000 1.0000
 | 14.6621 15.9576 112.0288 0.9998936 C[NH:0][CH2:0]c1cnc2cncc([CH2:1][c:1]3ccc(F)cc3F)c2c1 c1cc[c:1]([CH2:1]c2cncc3ncccc23)cc1 0.9998936 299.3240 1.0000000 1.0000
 | 23.3366 27.7080 12.1998 0.3117795 Oc1cc(F)ccc1C(O)CNCc1ccc([NH:0][CH2:0]c2cnc3cncc([CH2:1][c:1]4ccccc4)c3c2)cc1 c1ccc(CCNCc2ccc([NH:0][CH2:0]c3cnc4cncc([CH2:1][c:1]5ccccc5)c4c3)cc2)cc1 0.3117795 508.5970 1.0000000 1.0000
 | 9.0971 11.6305 116.3671 0.9999812 [NH2:0][CH2:0]c1cnc2cncc([CH2:1][c:1]3ccc(Cl)c(Cl)c3)c2c1 c1cc[c:1]([CH2:1]c2cncc3ncccc23)cc1 0.9999812 318.2070 1.0000000 1.0000
 | 11.7964 12.5786 115.1620 0.9979731 [NH2:0][CH2:0]c1cnc2cncc([CH2:1][c:1]3ccccc3F)c2c1 c1cc[c:1]([CH2:1]c2cncc3ncccc23)cc1 0.9979731 267.3070 1.0000000 1.0000
12:31:42 <INFO> Score: 0.79 Agent NLL: 17.03 Valid:  98% Step: 5
 | Agent Prior Target Score SMILES Scaffold Molecular weight Molecular weight (raw) Unwanted SMARTS Unwanted SMARTS (raw)
 | 21.4666 20.5280 107.4597 0.9999037 [CH3:0][CH2:0]c1cncc2ncc([CH2:1][CH2:1]CCNC(=O)N(C)C)cc12 c1cnc2cnccc2c1 0.9999037 300.4060 1.0000000 1.0000
 | 19.6185 17.5162 110.4394 0.9996535 [CH3:0][CH2:0]c1cncc2ncc([CH2:1][CH2:1]CNC(=O)c3ccccc3-c3ccc(F)cc3)cc12 O=C(NC[CH2:1][CH2:1]c1cnc2cnccc2c1)c1ccccc1-c1ccccc1 0.9996535 413.4960 1.0000000 1.0000
 | 27.5258 24.1482 103.8489 0.9999778 [CH3:0][CH2:0]c1cncc2ncc([CH2:1][CH2:1]CNC(=O)C(C)[N+](=O)[O-])cc12 c1cnc2cnccc2c1 0.9999778 316.3610 1.0000000 1.0000
 | 25.5054 22.9010 105.0983 0.9999948 [CH3:0][CH2:0]c1cncc2ncc([CH2:1][CH:1](F)C(NCc3ccccc3)C(=O)O)cc12 c1ccc(CNC[CH2:1][CH2:1]c2cnc3cnccc3c2)cc1 0.9999948 367.4240 0.0000000 0.0000
 | 10.2745 7.8257 119.5263 0.9949381 [CH3:0][CH2:0]c1cncc2ncc([CH2:1][N:1]3CCOCC3)cc12 c1cc2cc([CH2:1][N:1]3CCOCC3)cnc2cn1 0.9949381 257.3370 1.0000000 1.0000
 | 25.3359 22.1722 105.7062 0.9990505 [CH3:0][CH2:0]c1cncc2ncc([CH2:1][NH:1]S(=O)(=O)c3cc(NCC(F)F)ccc3F)cc12 O=S(=O)(c1ccccc1)[NH:1][CH2:1]c1cnc2cnccc2c1 0.9990505 424.4480 1.0000000 1.0000
 | 8.1965 8.6789 117.9723 0.9894629 [NH2:0][CH2:0]c1cncc2ncc([CH2:1][c:1]3ccccc3)cc12 c1cc[c:1]([CH2:1]c2cnc3cnccc3c2)cc1 0.9894629 249.3170 1.0000000 1.0000
 | 7.7597 10.5729 116.1945 0.9903706 [NH2:0][CH2:0]c1cncc2ncc([CH2:1][c:1]3ccncc3)cc12 c1c[c:1]([CH2:1]c2cnc3cnccc3c2)ccn1 0.9903706 250.3050 1.0000000 1.0000
 | 7.1263 8.0015 119.6251 0.9970828 C[NH:1][CH2:1]c1cnc2cncc([CH2:0][c:0]3ccccc3)c2c1 c1cc[c:0]([CH2:0]c2cncc3ncccc23)cc1 0.9970828 263.3440 1.0000000 1.0000
 | 8.1922 11.9518 116.0437 0.9999650 c1cc[c:0]([CH2:0]c2cncc3ncc([CH2:1][c:1]4ccncc4)cc23)cc1 c1cc[c:0]([CH2:0]c2cncc3ncc([CH2:1][c:1]4ccncc4)cc23)cc1 0.9999650 311.3880 1.0000000 1.0000
12:31:46 <INFO> Score: 0.82 Agent NLL: 16.96 Valid:  98% Step: 6
 | Agent Prior Target Score SMILES Scaffold Molecular weight Molecular weight (raw) Unwanted SMARTS Unwanted SMARTS (raw)
 | 18.4222 17.1683 110.8252 0.9999495 CCS(=O)(=O)NC[CH2:0][CH2:0]c1ccc2cncc([CH2:1][NH2:1])c2c1 c1ccc2cnccc2c1 0.9999495 307.4190 1.0000000 1.0000
 | 19.5919 23.6654 102.5164 0.9857955 CS(=O)(=O)c1ccc([CH2:0][CH2:0]c2ccc3cncc([CH2:1][c:1]4c(F)cccc4Cl)c3c2)cc1 c1ccc([CH2:0][CH2:0]c2ccc3cncc([CH2:1][c:1]4ccccc4)c3c2)cc1 0.9857955 453.9660 1.0000000 1.0000
 | 16.5337 15.0357 111.8421 0.9912329 [CH3:0][CH2:0]c1ccc2cncc([CH2:1][c:1]3ccn(C)n3)c2c1 c1ccc2c([CH2:1][c:1]3cc[nH]n3)cncc2c1 0.9912329 251.3330 1.0000000 1.0000
 | 12.6150 13.8175 114.1821 0.9999969 [CH3:0][CH2:0]c1ccc2cncc([CH2:1][NH:1]S(=O)(=O)c3ccc(Cl)cc3)c2c1 O=S(=O)(c1ccccc1)[NH:1][CH2:1]c1cncc2ccccc12 0.9999969 360.8660 1.0000000 1.0000
 | 8.2304 7.8732 -7.8732 0.0000000 [CH3:0][CH2:0]c1ccc2cncc([CH2:1][c:1]3ccccc3)c2c1 c1cc[c:1]([CH2:1]c2cncc3ccccc23)cc1 0.9873862 247.3410 1.0000000 1.0000
 | 23.3229 23.2435 -23.2435 0.0000000 C[NH:0][CH2:0]c1ccc2cncc([CH2:1][c:1]3cc(OC)ccc3NS(C)(=O)=O)c2c1 c1cc[c:1]([CH2:1]c2cncc3ccccc23)cc1 0.9999737 385.4890 1.0000000 1.0000
 | 10.8146 11.3163 -11.3163 0.0000000 [NH2:0][CH2:0]c1ccc2cncc([CH2:1][c:1]3ccc(Cl)cc3)c2c1 c1cc[c:1]([CH2:1]c2cncc3ccccc23)cc1 0.9995115 282.7740 1.0000000 1.0000
 | 27.9448 30.1002 97.8807 0.9998502 Nc1ccc([O:0][CH2:0]c2ccc3cncc([CH2:1][CH2:1]CC(F)(F)F)c3c2)c(C(=O)O)c1 c1ccc([O:0][CH2:0]c2ccc3cnccc3c2)cc1 0.9998502 404.3880 0.0000000 0.0000
 | 22.7721 21.4305 106.5661 0.9999738 Nc1ncc([O:0][CH2:0]c2ccc3cncc([CH2:1][c:1]4ccccc4)c3c2)cc1C(=O)O c1cc[c:1]([CH2:1]c2cncc3ccc([CH2:0][O:0]c4cccnc4)cc23)cc1 0.9999738 385.4230 0.0000000 0.0000
 | 17.9568 15.4777 112.5203 0.9999846 NC(=O)c1cccc[c:0]1[CH2:0]c1ccc2cncc([CH2:1][CH2:1]CO)c2c1 c1cc[c:0]([CH2:0]c2ccc3cnccc3c2)cc1 0.9999846 320.3920 1.0000000 1.0000
12:31:49 <INFO> Score: 0.86 Agent NLL: 17.30 Valid:  98% Step: 7
 | Agent Prior Target Score SMILES Scaffold Molecular weight Molecular weight (raw) Unwanted SMARTS Unwanted SMARTS (raw)
 | 15.0972 19.1545 108.5045 0.9973359 [CH3:0][CH2:0]c1cnc2cncc([CH2:1][c:1]3cnc(C)cn3)c2c1 c1cnc2cncc([CH2:1][c:1]3cnccn3)c2c1 0.9973359 264.3320 1.0000000 1.0000
 | 7.3456 6.9989 -6.9989 0.0000000 [NH2:0][CH2:0]c1cnc2cncc([CH2:1][c:1]3ccccc3)c2c1 c1cc[c:1]([CH2:1]c2cncc3ncccc23)cc1 0.9894629 249.3170 1.0000000 1.0000
 | 19.6311 21.9223 106.0764 0.9999895 FC(F)c1ccc([CH2:0][CH2:0]c2cnc3cncc([CH2:1][c:1]4ccncc4)c3c2)cc1 c1ccc([CH2:0][CH2:0]c2cnc3cncc([CH2:1][c:1]4ccncc4)c3c2)cc1 0.9999895 375.4220 1.0000000 1.0000
 | 23.4742 24.8119 103.1850 0.9999760 Nc1nccc(-c2ccc(NC[CH2:0][CH2:0]c3cnc4cncc([CH2:1][CH3:1])c4c3)cc2)n1 c1cc(-c2ccc(NC[CH2:0][CH2:0]c3cnc4cnccc4c3)cc2)ncn1 0.9999760 384.4870 1.0000000 1.0000
 | 9.9677 10.1959 117.7806 0.9998159 OCC[NH:0][CH2:0]c1cnc2cncc([CH2:1][c:1]3ccccc3)c2c1 c1cc[c:1]([CH2:1]c2cncc3ncccc23)cc1 0.9998159 293.3700 1.0000000 1.0000
 | 14.2734 16.0739 111.9258 0.9999971 FCCOCC[O:0][CH2:0]c1cnc2cncc([CH2:1][c:1]3ccccc3)c2c1 c1cc[c:1]([CH2:1]c2cncc3ncccc23)cc1 0.9999971 340.3980 1.0000000 1.0000
 | 19.7795 28.6052 99.3754 0.9998484 c1ccc2c(CC[NH:0][CH2:0]c3cnc4cncc([CH2:1][c:1]5ccncc5)c4c3)cccc2c1 c1ccc2c(CC[NH:0][CH2:0]c3cnc4cncc([CH2:1][c:1]5ccncc5)c4c3)cccc2c1 0.9998484 404.5170 1.0000000 1.0000
 | 12.7003 17.1972 110.8019 0.9999928 OCC[NH:0][CH2:0]c1cnc2cncc([CH2:1][c:1]3ccc(Cl)cn3)c2c1 c1cc[c:1]([CH2:1]c2cncc3ncccc23)nc1 0.9999928 328.8030 1.0000000 1.0000
 | 12.1825 16.5837 111.0075 0.9968057 [CH3:0][CH2:0]c1cnc2cncc([CH2:1][c:1]3cccc(C)c3)c2c1 c1cc[c:1]([CH2:1]c2cncc3ncccc23)cc1 0.9968057 262.3560 1.0000000 1.0000
 | 26.6350 25.3610 102.4436 0.9984731 NCC1CC1CNC1CCCC([NH:0][CH2:0]c2cnc3cncc([CH2:1][c:1]4ccccc4)c3c2)C1 c1cc[c:1]([CH2:1]c2cncc3ncc([CH2:0][NH:0]C4CCCC(NCC5CC5)C4)cc23)cc1 0.9984731 429.6120 1.0000000 1.0000
12:31:53 <INFO> Score: 0.84 Agent NLL: 18.04 Valid:  98% Step: 8
 | Agent Prior Target Score SMILES Scaffold Molecular weight Molecular weight (raw) Unwanted SMARTS Unwanted SMARTS (raw)
 | 15.9909 16.3162 -16.3162 0.0000000 CNCC[NH:0][CH2:0]c1cnc2cncc([CH2:1][c:1]3cccc(F)c3)c2c1 c1cc[c:1]([CH2:1]c2cncc3ncccc23)cc1 0.9999893 324.4030 1.0000000 1.0000
 | 10.6441 12.0410 115.8562 0.9991968 c1ccc(C[NH:0][CH2:0]c2cnc3cncc([CH2:1][CH3:1])c3c2)cc1 c1ccc(C[NH:0][CH2:0]c2cnc3cnccc3c2)cc1 0.9991968 277.3710 1.0000000 1.0000
 | 14.8783 19.5129 108.4860 0.9999909 Cc1ccc([NH:0][CH2:0]c2cnc3cncc([CH2:1][c:1]4ccccc4Cl)c3c2)cc1 c1ccc([NH:0][CH2:0]c2cnc3cncc([CH2:1][c:1]4ccccc4)c3c2)cc1 0.9999909 373.8870 1.0000000 1.0000
 | 15.2011 15.9100 -15.9100 0.0000000 CC(C)[O:0][CH2:0]c1cnc2cncc([CH2:1][c:1]3ccc(Cl)cc3)c2c1 c1cc[c:1]([CH2:1]c2cncc3ncccc23)cc1 0.9999914 326.8270 1.0000000 1.0000
 | 13.1269 17.5355 110.4635 0.9999927 COc1cc[c:0]([CH2:0]c2cnc3cncc([CH2:1][c:1]4ccncc4)c3c2)c(OC)c1 c1cc[c:0]([CH2:0]c2cnc3cncc([CH2:1][c:1]4ccncc4)c3c2)cc1 0.9999927 371.4400 1.0000000 1.0000
 | 16.9993 17.9174 -17.9174 0.0000000 CNC(=O)NC[CH2:0][CH2:0]c1cnc2cncc([CH2:1][c:1]3cccc(F)c3)c2c1 c1cc[c:1]([CH2:1]c2cncc3ncccc23)cc1 0.9999980 352.4130 1.0000000 1.0000
 | 15.0705 14.0280 -14.0280 0.0000000 O=C(O)C[O:0][CH2:0]c1cnc2cncc([CH2:1][c:1]3ccccc3)c2c1 c1cc[c:1]([CH2:1]c2cncc3ncccc23)cc1 0.9999536 308.3370 0.0000000 0.0000
 | 15.1591 20.9576 107.0364 0.9999526 Clc1ccc[c:1]([CH2:1]c2cncc3ncc([CH2:0][NH:0]CCCn4ccnc4)cc23)c1 c1cc[c:1]([CH2:1]c2cncc3ncc([CH2:0][NH:0]CCCn4ccnc4)cc23)cc1 0.9999526 391.9060 1.0000000 1.0000
 | 15.6922 18.3788 109.6209 0.9999980 COc1ccc(OCC[NH:0][CH2:0]c2cnc3cncc([CH2:1][NH:1]C)c3c2)cc1 c1ccc(OCC[NH:0][CH2:0]c2cnc3cnccc3c2)cc1 0.9999980 352.4380 1.0000000 1.0000
 | 12.4577 14.2390 -14.2390 0.0000000 OCC[O:0][CH2:0]c1cnc2cncc([CH2:1][c:1]3ccccc3)c2c1 c1cc[c:1]([CH2:1]c2cncc3ncccc23)cc1 0.9998318 294.3540 1.0000000 1.0000
12:31:56 <INFO> Score: 0.84 Agent NLL: 22.22 Valid: 100% Step: 9
 | Agent Prior Target Score SMILES Scaffold Molecular weight Molecular weight (raw) Unwanted SMARTS Unwanted SMARTS (raw)
 | 16.3254 21.2497 106.7491 0.9999902 [CH3:0][CH2:0]c1cncc2ccc([CH2:1][O:1]c3cc(C)c(F)cc3OC)cc12 c1ccc([O:1][CH2:1]c2ccc3cnccc3c2)cc1 0.9999902 325.3830 1.0000000 1.0000
 | 21.2562 22.6673 105.3313 0.9999894 [CH3:0][CH2:0]c1cncc2ccc([CH2:1][N:1]3CCCN(c4ccc(C)c(O)c4)CC3)cc12 c1ccc(N2CCC[N:1]([CH2:1]c3ccc4cnccc4c3)CC2)cc1 0.9999894 375.5160 1.0000000 1.0000
 | 19.9061 19.1980 108.8013 0.9999943 [CH3:0][CH2:0]c1cncc2ccc([CH2:1][N:1](C)S(=O)(=O)c3cc(C)cc(C)c3)cc12 O=S(=O)(c1ccccc1)[NH:1][CH2:1]c1ccc2cnccc2c1 0.9999943 368.5020 1.0000000 1.0000
 | 17.8957 17.5935 110.3886 0.9998606 [CH3:0][CH2:0]c1cncc2ccc([CH2:1][c:1]3ccc(C(N)=O)s3)cc12 c1cs[c:1]([CH2:1]c2ccc3cnccc3c2)c1 0.9998606 296.3950 1.0000000 1.0000
 | 15.3902 12.9160 115.0836 0.9999970 [CH3:0][CH2:0]c1cncc2ccc([CH2:1][N:1]3CCC(O)(Cc4ccccc4)CC3)cc12 c1ccc(CC2CC[N:1]([CH2:1]c3ccc4cnccc4c3)CC2)cc1 0.9999970 360.5010 1.0000000 1.0000
 | 33.2407 32.0156 95.9288 0.9995658 CS(=O)(=O)C=Cc1cc(C[NH:1][CH2:1]c2ccc3cncc([CH2:0][NH2:0])c3c2)ccc1Cl c1ccc(C[NH:1][CH2:1]c2ccc3cnccc3c2)cc1 0.9995658 415.9460 1.0000000 1.0000
 | 28.6221 34.2826 72.3197 0.8328306 NS(=O)(=O)c1ncccc1-c1ncccc1[O:1][CH2:1]c1ccc2cncc([CH2:0][c:0]3ccccc3)c2c1 c1cc[c:0]([CH2:0]c2cncc3ccc([CH2:1][O:1]c4cccnc4-c4cccnc4)cc23)cc1 0.8328306 482.5650 1.0000000 1.0000
 | 26.1123 29.0453 97.3453 0.9874263 CS(=O)(=O)NCC1CCC[N:1]([CH2:1]c2ccc3cncc([CH2:0][c:0]4ccccn4)c3c2)CCC1 c1cc[c:0]([CH2:0]c2cncc3ccc([CH2:1][N:1]4CCCCCCC4)cc23)nc1 0.9874263 452.6240 0.0000000 0.0000
 | 13.4783 18.0663 109.9292 0.9999650 c1cnc[c:0]([CH2:0]c2cncc3ccc([CH2:1][c:1]4cccnc4)cc23)c1 c1cnc[c:0]([CH2:0]c2cncc3ccc([CH2:1][c:1]4cccnc4)cc23)c1 0.9999650 311.3880 1.0000000 1.0000
 | 11.4943 9.4227 52.5061 0.4838185 C[CH2:0][CH2:0]c1cncc2ccc([CH2:1][CH3:1])cc12 c1ccc2cnccc2c1 0.4838185 199.2970 1.0000000 1.0000
12:31:59 <INFO> Score: 0.90 Agent NLL: 21.10 Valid:  98% Step: 10
 | Agent Prior Target Score SMILES Scaffold Molecular weight Molecular weight (raw) Unwanted SMARTS Unwanted SMARTS (raw)
 | 15.0349 15.6914 110.1796 0.9833676 [CH3:0][CH2:0]c1cncc2ccc([CH2:1][NH:1]CC(=O)O)cc12 c1ccc2cnccc2c1 0.9833676 244.2940 0.0000000 0.0000
 | 24.6064 31.8326 96.0065 0.9987432 COc1ccc([O:1][CH2:1]c2ccc3cncc([CH2:0][N:0]4CCCNCC4)c3c2)cc1C(F)F c1ccc([O:1][CH2:1]c2ccc3cncc([CH2:0][N:0]4CCCNCC4)c3c2)cc1 0.9987432 427.4950 1.0000000 1.0000
 | 19.5611 25.2097 102.7736 0.9998693 O=S1(=O)CCC[N:0]1[CH2:0]c1cncc2ccc([CH2:1][O:1]c3cccc(Cl)c3)cc12 O=S1(=O)CCC[N:0]1[CH2:0]c1cncc2ccc([CH2:1][O:1]c3ccccc3)cc12 0.9998693 402.9030 1.0000000 1.0000
 | 28.2841 33.8541 89.0578 0.9602494 OCC(CCc1ccccc1)[NH:0][CH2:0]c1cncc2ccc([CH2:1][c:1]3cccc(Cl)c3Cl)cc12 c1ccc(CCC[NH:0][CH2:0]c2cncc3ccc([CH2:1][c:1]4ccccc4)cc23)cc1 0.9602494 465.4240 1.0000000 1.0000
 | 18.7241 26.0473 101.9523 0.9999975 CCOS(=O)(=O)[NH:1][CH2:1]c1ccc2cncc([CH2:0][c:0]3ccncc3)c2c1 c1ccc2c([CH2:0][c:0]3ccncc3)cncc2c1 0.9999975 357.4350 1.0000000 1.0000
 | 29.3587 27.4592 100.5385 0.9999819 CC(O)(CO)C([NH:0][CH2:0]c1cncc2ccc([CH2:1][c:1]3ccncc3)cc12)C(=O)O c1c[c:1]([CH2:1]c2ccc3cnccc3c2)ccn1 0.9999819 381.4320 0.0000000 0.0000
 | 17.2384 21.6028 106.3969 0.9999980 COc1cc[c:1]([CH2:1]c2ccc3cncc([CH2:0][NH:0]CCO)c3c2)c(OC)c1 c1cc[c:1]([CH2:1]c2ccc3cnccc3c2)cc1 0.9999980 352.4340 1.0000000 1.0000
 | 27.1153 30.4864 97.4428 0.9994466 COc1cc([CH2:1][CH2:1]c2ccc3cncc([CH2:0][CH2:0]CN4CCCCCC4)c3c2)ccc1O c1ccc([CH2:1][CH2:1]c2ccc3cncc([CH2:0][CH2:0]CN4CCCCCC4)c3c2)cc1 0.9994466 418.5810 1.0000000 1.0000
 | 16.7181 20.3004 107.6984 0.9999906 COc1cccc([CH2:1][CH2:1]c2ccc3cncc([CH2:0][CH2:0]Cl)c3c2)c1 c1ccc([CH2:1][CH2:1]c2ccc3cnccc3c2)cc1 0.9999906 325.8390 1.0000000 1.0000
 | 16.3380 17.5957 110.4025 0.9999861 OCCCC[NH:0][CH2:0]c1cncc2ccc([CH2:1][c:1]3ccncc3)cc12 c1c[c:1]([CH2:1]c2ccc3cnccc3c2)ccn1 0.9999861 321.4240 1.0000000 1.0000
12:32:03 <INFO> Score: 0.84 Agent NLL: 20.75 Valid: 100% Step: 11
 | Agent Prior Target Score SMILES Scaffold Molecular weight Molecular weight (raw) Unwanted SMARTS Unwanted SMARTS (raw)
 | 25.6142 30.1873 97.8095 0.9999750 NCCC[CH2:1][CH2:1]c1cncc2ncc([CH2:0][CH2:0]COc3ccc(Cl)cn3)cc12 c1ccc(OC[CH2:0][CH2:0]c2cnc3cnccc3c2)nc1 0.9999750 384.9110 1.0000000 1.0000
 | 29.9786 32.5784 91.1080 0.9662998 CS(=O)(=O)CCOc1cc([CH2:0][CH2:0]c2cnc3cncc([CH2:1][c:1]4ccncc4)c3c2)cnc1N c1cncc([CH2:0][CH2:0]c2cnc3cncc([CH2:1][c:1]4ccncc4)c3c2)c1 0.9662998 463.5630 1.0000000 1.0000
 | 14.5514 15.0852 -15.0852 0.0000000 CS(=O)(=O)[NH:0][CH2:0]c1cnc2cncc([CH2:1][c:1]3ccc(Cl)cc3)c2c1 c1cc[c:1]([CH2:1]c2cncc3ncccc23)cc1 0.9999967 361.8540 1.0000000 1.0000
 | 17.0015 19.7144 -19.7144 0.0000000 C[O:0][CH2:0]c1cnc2cncc([CH2:1][c:1]3ccc([N+](=O)[O-])cc3)c2c1 c1cc[c:1]([CH2:1]c2cncc3ncccc23)cc1 0.9999576 309.3250 1.0000000 1.0000
 | 21.4405 24.3731 103.6265 0.9999975 COc1cc(-c2ccncc2)cn[c:0]1[CH2:0]c1cnc2cncc([CH2:1][NH2:1])c2c1 c1cc(-c2cc[c:0]([CH2:0]c3cnc4cnccc4c3)nc2)ccn1 0.9999975 357.4170 1.0000000 1.0000
 | 29.2095 32.3050 92.1541 0.9723371 Clc1cccc([O:1][CH2:1]c2cncc3ncc([CH2:0][c:0]4ccc(-n5cccn5)cc4)cc23)c1Cl c1ccc([O:1][CH2:1]c2cncc3ncc([CH2:0][c:0]4ccc(-n5cccn5)cc4)cc23)cc1 0.9723371 461.3520 1.0000000 1.0000
 | 19.3347 19.8748 -19.8748 0.0000000 OCCNCC[NH:0][CH2:0]c1cnc2cncc([CH2:1][c:1]3ccc(F)c(Cl)c3)c2c1 c1cc[c:1]([CH2:1]c2cncc3ncccc23)cc1 0.9999641 388.8740 1.0000000 1.0000
 | 19.0535 22.1921 105.8008 0.9999449 CNCCNCCOc1ccc(C[NH:0][CH2:0]c2cnc3cncc([CH2:1][CH3:1])c3c2)cc1 c1ccc(C[NH:0][CH2:0]c2cnc3cnccc3c2)cc1 0.9999449 393.5350 1.0000000 1.0000
 | 11.2513 17.2890 110.6914 0.9998465 OCC[NH:0][CH2:0]c1cnc2cncc([CH2:1][c:1]3cnccn3)c2c1 c1cnc2cncc([CH2:1][c:1]3cnccn3)c2c1 0.9998465 295.3460 1.0000000 1.0000
 | 25.8783 34.3242 93.6753 0.9999962 CCc1cc[c:1]([CH2:1]c2cncc3ncc([CH2:0][NH:0]CC4CCCO4)cc23)nn1 c1cnn[c:1]([CH2:1]c2cncc3ncc([CH2:0][NH:0]CC4CCCO4)cc23)c1 0.9999962 363.4650 1.0000000 1.0000
12:32:06 <INFO> Score: 0.81 Agent NLL: 20.10 Valid: 100% Step: 12
 | Agent Prior Target Score SMILES Scaffold Molecular weight Molecular weight (raw) Unwanted SMARTS Unwanted SMARTS (raw)
 | 29.9778 41.4493 86.3892 0.9987377 Cn1cc(C2CC[N:1]([CH2:1]c3cncc4ccc([CH2:0][CH2:0]CNCC(F)F)cc34)CC2)cn1 c1ccc2c([CH2:1][N:1]3CCC(c4cn[nH]c4)CC3)cncc2c1 0.9987377 427.5430 1.0000000 1.0000
 | 24.7919 24.6839 103.3140 0.9999834 [CH3:0][CH2:0]c1ccc2cncc([CH2:1][NH:1]C(C(=O)O)c3ccc(OC)c(OC)c3)c2c1 c1ccc(C[NH:1][CH2:1]c2cncc3ccccc23)cc1 0.9999834 380.4440 0.0000000 0.0000
 | 9.9779 9.3671 -9.3671 0.0000000 [CH3:0][CH2:0]c1ccc2cncc([CH2:1][c:1]3ccncc3)c2c1 c1ccc2c([CH2:1][c:1]3ccncc3)cncc2c1 0.9884707 248.3290 1.0000000 1.0000
 | 10.7521 14.8780 -14.8780 0.0000000 [CH3:0][CH2:0]c1ccc2cncc([CH2:1][O:1]c3cccnc3)c2c1 c1cncc([O:1][CH2:1]c2cncc3ccccc23)c1 0.9973348 264.3280 1.0000000 1.0000
 | 29.4550 39.4941 84.7546 0.9706936 Clc1cccc(-n2cncn2)c1[O:1][CH2:1]c1cncc2ccc([CH2:0][N:0]3CCCCCCC3)cc12 c1ccc([O:1][CH2:1]c2cncc3ccc([CH2:0][N:0]4CCCCCCC4)cc23)c(-n2cncn2)c1 0.9706936 461.9970 0.0000000 0.0000
 | 18.5026 20.9252 107.0513 0.9998159 NC[CH2:0][CH2:0]c1ccc2cncc([CH2:1][c:1]3nccnc3N)c2c1 c1ccc2c([CH2:1][c:1]3cnccn3)cncc2c1 0.9998159 293.3740 1.0000000 1.0000
 | 27.3546 24.2413 103.7280 0.9997602 Cc1cc(C)n2nc(C[NH:0][CH2:0]c3ccc4cncc([CH2:1][c:1]5ccncc5)c4c3)nc2n1 c1cnc2nc(C[NH:0][CH2:0]c3ccc4cncc([CH2:1][c:1]5ccncc5)c4c3)nn2c1 0.9997602 409.4970 1.0000000 1.0000
 | 19.1302 18.0069 109.9920 0.9999911 c1cc[c:1]([CH2:1]c2cncc3ccc([CH2:0][CH2:0]CN4CCCCNCC4)cc23)cc1 c1cc[c:1]([CH2:1]c2cncc3ccc([CH2:0][CH2:0]CN4CCCCNCC4)cc23)cc1 0.9999911 373.5440 0.0000000 0.0000
 | 14.0669 15.7026 112.2970 0.9999964 Clc1cccc[c:1]1[CH2:1]c1cncc2ccc([CH2:0][N:0]3CCCC3)cc12 c1cc[c:1]([CH2:1]c2cncc3ccc([CH2:0][N:0]4CCCC4)cc23)cc1 0.9999964 336.8660 1.0000000 1.0000
 | 16.8244 17.5383 110.4613 0.9999968 COc1cccc[c:1]1[CH2:1]c1cncc2ccc([CH2:0][N:0]3CCCNCC3)cc12 c1cc[c:1]([CH2:1]c2cncc3ccc([CH2:0][N:0]4CCCNCC4)cc23)cc1 0.9999968 361.4890 1.0000000 1.0000
12:32:10 <INFO> Score: 0.84 Agent NLL: 19.38 Valid:  98% Step: 13
 | Agent Prior Target Score SMILES Scaffold Molecular weight Molecular weight (raw) Unwanted SMARTS Unwanted SMARTS (raw)
 | 17.2141 27.9599 100.0398 0.9999975 COc1ncncc1[CH2:0][CH2:0]c1cnc2cncc([CH2:1][c:1]3cccnc3)c2c1 c1cnc[c:1]([CH2:1]c2cncc3ncc([CH2:0][CH2:0]c4cncnc4)cc23)c1 0.9999975 357.4170 1.0000000 1.0000
 | 14.0694 17.5439 110.3703 0.9993304 Cc1cc([NH:0][CH2:0]c2cnc3cncc([CH2:1][CH3:1])c3c2)ncn1 c1cc([NH:0][CH2:0]c2cnc3cnccc3c2)ncn1 0.9993304 279.3470 1.0000000 1.0000
 | 18.7367 20.4113 -20.4113 0.0000000 C=CCNCC[O:0][CH2:0]c1cnc2cncc([CH2:1][CH3:1])c2c1 c1cnc2cnccc2c1 0.9986042 271.3640 1.0000000 1.0000
 | 21.2486 26.3513 101.6375 0.9999125 c1nc2cncc([CH2:1][CH3:1])c2cc1[CH2:0][N:0]1CCN(CCOC2CCCCOC2)CC1 c1cc2cc([CH2:0][N:0]3CCN(CCOC4CCCCOC4)CC3)cnc2cn1 0.9999125 398.5510 1.0000000 1.0000
 | 31.0549 35.4446 92.3794 0.9986252 CC(=O)NN=Cc1ccc([NH:0][CH2:0]c2cnc3cncc([CH2:1][c:1]4ccccn4)c3c2)cc1F c1ccc([NH:0][CH2:0]c2cnc3cncc([CH2:1][c:1]4ccccn4)c3c2)cc1 0.9986252 428.4710 0.0000000 0.0000
 | 19.7890 22.6213 105.3784 0.9999976 COCc1cc[c:0]([CH2:0]c2cnc3cncc([CH2:1][c:1]4cccnc4)c3c2)cn1 c1cnc[c:0]([CH2:0]c2cnc3cncc([CH2:1][c:1]4cccnc4)c3c2)c1 0.9999976 356.4290 1.0000000 1.0000
 | 32.5824 41.7443 -41.7443 0.0000000 INVALID6 -- 0.0000000 0.0000 0.0000000 0.0000
 | 21.9132 28.0093 -28.0093 0.0000000 [CH3:0][CH2:0]c1cnc2cncc([CH2:1][c:1]3cc(OC)cc(Cl)c3OC)c2c1 c1cc[c:1]([CH2:1]c2cncc3ncccc23)cc1 0.9999976 342.8260 1.0000000 1.0000
 | 21.7062 27.0807 100.9190 0.9999975 OCCN1CCCC(C[NH:0][CH2:0]c2cnc3cncc([CH2:1][CH3:1])c3c2)NCC1 c1cc2cc([CH2:0][NH:0]CC3CCCNCCN3)cnc2cn1 0.9999975 357.5020 0.0000000 0.0000
 | 24.9404 32.1686 95.8120 0.9998478 CNC[CH2:1][CH2:1]c1cncc2ncc([CH2:0][c:0]3ccc(=O)n(C4CCCCC4)c3C)cc12 O=c1cc[c:0]([CH2:0]c2cnc3cnccc3c2)cn1C1CCCCC1 0.9998478 404.5580 1.0000000 1.0000
12:32:13 <INFO> Score: 0.85 Agent NLL: 22.79 Valid:  99% Step: 14
 | Agent Prior Target Score SMILES Scaffold Molecular weight Molecular weight (raw) Unwanted SMARTS Unwanted SMARTS (raw)
 | 15.6039 15.0524 -15.0524 0.0000000 C[N:1](C)[CH2:1]c1cnc2cncc([CH2:0][CH2:0]CCl)c2c1 c1cnc2cnccc2c1 0.9971952 263.7720 1.0000000 1.0000
 | 22.3886 19.5618 -19.5618 0.0000000 [CH3:0][CH2:0]c1cncc2ncc([CH2:1][O:1]CCNC(=O)CCCC(=O)O)cc12 c1cnc2cnccc2c1 0.9999978 345.3990 0.0000000 0.0000
 | 17.8887 23.2026 104.7903 0.9999446 [CH3:0][CH2:0]c1cncc2ncc([CH2:1][O:1]Cc3c(C)cccc3C)cc12 c1ccc(C[O:1][CH2:1]c2cnc3cnccc3c2)cc1 0.9999446 306.4090 1.0000000 1.0000
 | 11.7236 11.8551 116.1213 0.9998159 NCC[NH:0][CH2:0]c1cncc2ncc([CH2:1][c:1]3ccncc3)cc12 c1c[c:1]([CH2:1]c2cnc3cnccc3c2)ccn1 0.9998159 293.3740 1.0000000 1.0000
 | 13.7633 13.2518 -13.2518 0.0000000 Fc1cccc(Cl)[c:0]1[CH2:0]c1cncc2ncc([CH2:1][NH2:1])cc12 c1cc[c:0]([CH2:0]c2cncc3ncccc23)cc1 0.9999149 301.7520 1.0000000 1.0000
 | 21.5589 18.8816 109.1153 0.9999760 CS(=O)(=O)Cc1ccc[c:1]([CH2:1]c2cnc3cncc([CH2:0][CH2:0]C(=O)O)c3c2)c1 c1cc[c:1]([CH2:1]c2cnc3cnccc3c2)cc1 0.9999760 384.4570 0.0000000 0.0000
 | 15.2164 19.6746 108.3251 0.9999980 OCCCNCC[NH:0][CH2:0]c1cncc2ncc([CH2:1][c:1]3ccncc3)cc12 c1c[c:1]([CH2:1]c2cnc3cnccc3c2)ccn1 0.9999980 351.4540 1.0000000 1.0000
 | 15.0850 15.6404 112.3511 0.9999331 FCC[NH:0][CH2:0]c1cncc2ncc([CH2:1][N:1]3CCOCC3)cc12 c1cc2cc([CH2:1][N:1]3CCOCC3)cnc2cn1 0.9999331 304.3690 1.0000000 1.0000
 | 41.7956 45.3210 -45.3195 0.0000112 Cn1cc(CN2CCOCC2)nc1CS(=O)(=O)[NH:1][CH2:1]c1cnc2cncc([CH2:0][NH:0]CC(=O)NCCNS(C)(=O)=O)c2c1 O=S(=O)(Cc1nc(CN2CCOCC2)c[nH]1)[NH:1][CH2:1]c1cnc2cnccc2c1 0.0000112 623.7620 1.0000000 1.0000
 | 21.7705 21.5777 106.4215 0.9999939 COC(=O)c1ccc[c:0]([CH2:0]c2cncc3ncc([CH2:1][c:1]4ccncc4)cc23)c1 c1cc[c:0]([CH2:0]c2cncc3ncc([CH2:1][c:1]4ccncc4)cc23)cc1 0.9999939 369.4240 0.0000000 0.0000
12:32:17 <INFO> Score: 0.90 Agent NLL: 19.68 Valid:  99% Step: 15
 | Agent Prior Target Score SMILES Scaffold Molecular weight Molecular weight (raw) Unwanted SMARTS Unwanted SMARTS (raw)
 | 23.1841 25.0108 65.0225 0.7033850 [CH3:0][CH2:0]c1cncc2ccc([CH2:1][CH2:1]c3ccc(CNS(=O)(=O)c4ccc(OC)cc4OC)cc3)cc12 O=S(=O)(NCc1ccc([CH2:1][CH2:1]c2ccc3cnccc3c2)cc1)c1ccccc1 0.7033850 490.6250 1.0000000 1.0000
 | 13.3207 18.5703 109.3439 0.9993304 C[NH:0][CH2:0]c1cncc2ccc([CH2:1][NH:1]c3ncccn3)cc12 c1cnc([NH:1][CH2:1]c2ccc3cnccc3c2)nc1 0.9993304 279.3470 1.0000000 1.0000
 | 23.1925 28.3298 99.2650 0.9968340 CCCS(=O)(=O)[NH:0][CH2:0]c1cncc2ccc([CH2:1][NH:1]S(=O)(=O)c3cnn(C)c3)cc12 O=S(=O)(c1cn[nH]c1)[NH:1][CH2:1]c1ccc2cnccc2c1 0.9968340 437.5470 1.0000000 1.0000
 | 12.6022 14.0457 113.8604 0.9992664 Cc1ccc([O:1][CH2:1]c2ccc3cncc([CH2:0][NH2:0])c3c2)cc1 c1ccc([O:1][CH2:1]c2ccc3cnccc3c2)cc1 0.9992664 278.3550 1.0000000 1.0000
 | 14.6293 13.3136 114.6820 0.9999653 O=S(=O)(c1ccccc1)[NH:1][CH2:1]c1ccc2cncc([CH2:0][c:0]3ccccc3)c2c1 O=S(=O)(c1ccccc1)[NH:1][CH2:1]c1ccc2cncc([CH2:0][c:0]3ccccc3)c2c1 0.9999653 388.4920 1.0000000 1.0000
 | 14.5483 16.0880 111.9111 0.9999925 Fc1cc[c:1]([CH2:1]c2ccc3cncc([CH2:0][c:0]4ccccn4)c3c2)cc1 c1cc[c:1]([CH2:1]c2ccc3cncc([CH2:0][c:0]4ccccn4)c3c2)cc1 0.9999925 328.3900 1.0000000 1.0000
 | 11.0450 15.7913 112.2080 0.9999943 c1c[c:0]([CH2:0]c2cncc3ccc([CH2:1][NH:1]C4CCCCC4)cc23)ccn1 c1c[c:0]([CH2:0]c2cncc3ccc([CH2:1][NH:1]C4CCCCC4)cc23)ccn1 0.9999943 331.4630 1.0000000 1.0000
 | 27.2710 30.5833 97.2940 0.9990417 OCC1C[N:1]([CH2:1]c2ccc3cncc([CH2:0][c:0]4ccncc4)c3c2)CC1Cc1ccccn1 c1ccc(CC2CC[N:1]([CH2:1]c3ccc4cncc([CH2:0][c:0]5ccncc5)c4c3)C2)nc1 0.9990417 424.5480 1.0000000 1.0000
 | 20.1924 20.0116 107.9848 0.9999720 C[CH2:0][CH2:0]c1cncc2ccc([CH2:1][c:1]3c(C)nn(C)c3Cl)cc12 c1cc2cc([CH2:1][c:1]3cn[nH]c3)ccc2cn1 0.9999720 313.8320 1.0000000 1.0000
 | 14.6883 14.7816 -14.7816 0.0000000 CCCS(=O)(=O)[NH:1][CH2:1]c1ccc2cncc([CH2:0][CH3:0])c2c1 c1ccc2cnccc2c1 0.9997987 292.4040 1.0000000 1.0000
12:32:20 <INFO> Score: 0.84 Agent NLL: 20.45 Valid:  98% Step: 16
 | Agent Prior Target Score SMILES Scaffold Molecular weight Molecular weight (raw) Unwanted SMARTS Unwanted SMARTS (raw)
 | 17.2617 20.5345 107.4651 0.9999968 c1cc2cncc([CH2:1][NH:1]C3CCCCC3)c2cc1[CH2:0][CH:0]1CCOCC1 c1cc2cncc([CH2:1][NH:1]C3CCCCC3)c2cc1[CH2:0][CH:0]1CCOCC1 0.9999968 338.4950 1.0000000 1.0000
 | 14.3407 15.4953 -15.4953 0.0000000 C[NH:1][CH2:1]c1cncc2ccc([CH2:0][CH2:0]CCN)cc12 c1ccc2cnccc2c1 0.9818906 243.3540 1.0000000 1.0000
 | 14.7684 16.1748 -16.1748 0.0000000 N#C[CH2:1][CH2:1]c1cncc2ccc([CH2:0][CH2:0]CO)cc12 c1ccc2cnccc2c1 0.9761614 240.3060 1.0000000 1.0000
 | 13.7405 14.4957 113.4104 0.9992666 C[CH2:0][CH2:0]c1ccc2cncc([CH2:1][NH:1]c3ccncn3)c2c1 c1ccc2c([CH2:1][NH:1]c3ccncn3)cncc2c1 0.9992666 278.3590 1.0000000 1.0000
 | 22.6155 22.6124 105.3873 0.9999976 [CH3:0][CH2:0]c1ccc2cncc([CH2:1][N:1]3CCCC(N(C=O)SC)C3)c2c1 c1ccc2c([CH2:1][N:1]3CCCCC3)cncc2c1 0.9999976 343.4960 0.0000000 0.0000
 | 10.6462 8.2466 -8.2466 0.0000000 C[N:0](C)[CH2:0]c1ccc2cncc([CH2:1][NH2:1])c2c1 c1ccc2cnccc2c1 0.8036369 215.3000 1.0000000 1.0000
 | 17.8595 23.1518 104.8459 0.9999816 CN1CCC[N:0]([CH2:0]c2ccc3cncc([CH2:1][NH:1]C4CCCNCC4)c3c2)CC1 c1cc2cncc([CH2:1][NH:1]C3CCCNCC3)c2cc1[CH2:0][N:0]1CCCNCC1 0.9999816 381.5680 1.0000000 1.0000
 | 12.6223 15.7916 112.1495 0.9995397 C[NH:0][CH2:0]c1ccc2cncc([CH2:1][N:1]3CCCCCC3)c2c1 c1ccc2c([CH2:1][N:1]3CCCCCC3)cncc2c1 0.9995397 283.4190 1.0000000 1.0000
 | 23.4290 32.2717 95.6230 0.9991773 NS(=O)(=O)OCC[O:0][CH2:0]c1ccc2cncc([CH2:1][O:1]c3ccccc3Cl)c2c1 c1ccc([O:1][CH2:1]c2cncc3ccccc23)cc1 0.9991773 422.8900 1.0000000 1.0000
 | 21.0861 25.7258 102.2727 0.9999883 C[O:0][CH2:0]c1ccc2cncc([CH2:1][CH2:1]COCc3ccncn3)c2c1 c1ccc2c([CH2:1][CH2:1]COCc3ccncn3)cncc2c1 0.9999883 323.3960 1.0000000 1.0000
12:32:23 <INFO> Score: 0.89 Agent NLL: 20.75 Valid: 100% Step: 17
 | Agent Prior Target Score SMILES Scaffold Molecular weight Molecular weight (raw) Unwanted SMARTS Unwanted SMARTS (raw)
 | 21.8942 21.4048 106.5923 0.9999779 [CH3:0][CH2:0]c1cncc2ncc([CH2:1][CH2:1]C3CCN(CCNCCCCN)CC3)cc12 c1cc2cc([CH2:1][CH2:1]C3CCNCC3)cnc2cn1 0.9999779 383.5840 1.0000000 1.0000
 | 15.4586 15.3829 111.5918 0.9919894 [CH3:0][CH2:0]c1cncc2ncc([CH2:1][c:1]3nccn3C)cc12 c1cc2cc([CH2:1][c:1]3ncc[nH]3)cnc2cn1 0.9919894 252.3210 1.0000000 1.0000
 | 17.5939 17.3128 110.6818 0.9999580 [CH3:0][CH2:0]c1cncc2ncc([CH2:1][N:1](C)CCn3ccnc3C)cc12 c1cc2cc([CH2:1][NH:1]CCn3ccnc3)cnc2cn1 0.9999580 309.4170 1.0000000 1.0000
 | 16.0801 17.2776 110.4636 0.9979784 [CH3:0][CH2:0]c1cncc2ncc([CH2:1][NH:1]Cc3cn[nH]c3)cc12 c1cc2cc([CH2:1][NH:1]Cc3cn[nH]c3)cnc2cn1 0.9979784 267.3360 1.0000000 1.0000
 | 16.8376 17.9694 110.0235 0.9999446 C[CH2:1][CH2:1]c1cnc2cncc([CH2:0][NH:0]CCc3ccccn3)c2c1 c1ccc(CC[NH:0][CH2:0]c2cncc3ncccc23)nc1 0.9999446 306.4130 1.0000000 1.0000
 | 15.9882 17.1014 -17.1014 0.0000000 OCCCNCC[O:0][CH2:0]c1cncc2ncc([CH2:1][CH3:1])cc12 c1cnc2cnccc2c1 0.9997341 289.3790 1.0000000 1.0000
 | 17.1893 21.2188 106.7808 0.9999974 Cc1nccn1CC[NH:1][CH2:1]c1cnc2cncc([CH2:0][c:0]3ccccn3)c2c1 c1cc[c:0]([CH2:0]c2cncc3ncc([CH2:1][NH:1]CCn4ccnc4)cc23)nc1 0.9999974 358.4490 1.0000000 1.0000
 | 15.5610 22.3340 105.6657 0.9999980 c1c[c:0]([CH2:0]c2cncc3ncc([CH2:1][CH2:1]CN4CCOCC4)cc23)ncn1 c1c[c:0]([CH2:0]c2cncc3ncc([CH2:1][CH2:1]CN4CCOCC4)cc23)ncn1 0.9999980 349.4380 1.0000000 1.0000
 | 26.0070 36.8073 90.4171 0.9939405 NC(N)=NCCCCC1CCC([CH2:0][CH2:0]c2cncc3ncc([CH2:1][c:1]4ccncc4)cc23)CC1 c1c[c:1]([CH2:1]c2cnc3cncc([CH2:0][CH2:0]C4CCCCC4)c3c2)ccn1 0.9939405 444.6270 1.0000000 1.0000
 | 18.3382 23.6313 104.3681 0.9999959 NCCCCC[NH:0][CH2:0]c1cncc2ncc([CH2:1][c:1]3ccncc3)cc12 c1c[c:1]([CH2:1]c2cnc3cnccc3c2)ccn1 0.9999959 335.4550 1.0000000 1.0000
12:32:26 <INFO> Score: 0.92 Agent NLL: 20.08 Valid:  98% Step: 18
 | Agent Prior Target Score SMILES Scaffold Molecular weight Molecular weight (raw) Unwanted SMARTS Unwanted SMARTS (raw)
 | 25.1188 32.7191 -32.7191 0.0000000 INVALID0 -- 0.0000000 0.0000 0.0000000 0.0000
 | 16.3629 19.9622 108.0367 0.9999914 CNC[CH2:0][CH2:0]c1cncc2ncc([CH2:1][c:1]3ccc(Cl)nc3)cc12 c1cnc[c:1]([CH2:1]c2cnc3cnccc3c2)c1 0.9999914 326.8310 1.0000000 1.0000
 | 26.1624 30.4912 97.4875 0.9998333 [CH3:0][CH2:0]c1cncc2ncc([CH2:1][NH:1]C3CCCCC3NCn3c(C)cccc3=O)cc12 O=c1ccccn1CNC1CCCCC1[NH:1][CH2:1]c1cnc2cnccc2c1 0.9998333 405.5460 1.0000000 1.0000
 | 16.4221 17.4775 110.5214 0.9999912 [CH3:0][CH2:0]c1cncc2ncc([CH2:1][CH2:1]CNC3CCCN(C)CC3)cc12 c1cc2cc([CH2:1][CH2:1]CNC3CCCNCC3)cnc2cn1 0.9999912 326.4880 1.0000000 1.0000
 | 19.7395 21.1423 106.8574 0.9999976 [CH3:0][CH2:0]c1cncc2ncc([CH2:1][NH:1]c3cnc(-c4cncnc4)cn3)cc12 c1cc2cc([CH2:1][NH:1]c3cnc(-c4cncnc4)cn3)cnc2cn1 0.9999976 343.3940 1.0000000 1.0000
 | 20.9795 25.9138 102.0858 0.9999972 [CH3:0][CH2:0]c1cncc2ncc([CH2:1][c:1]3nc4ccccc4c(=O)n3CCN)cc12 O=c1[nH][c:1]([CH2:1]c2cnc3cnccc3c2)nc2ccccc12 0.9999972 359.4330 1.0000000 1.0000
 | 19.8895 16.8706 111.1285 0.9999927 [CH3:0][CH2:0]c1cncc2ncc([CH2:1][NH:1]c3ccc(C)c(NS(C)(=O)=O)n3)cc12 c1ccc([NH:1][CH2:1]c2cnc3cnccc3c2)nc1 0.9999927 371.4660 1.0000000 1.0000
 | 14.5441 14.0993 113.8828 0.9998600 [CH3:0][CH2:0]c1cncc2ncc([CH2:1][c:1]3ccc(F)cc3OC)cc12 c1cc[c:1]([CH2:1]c2cnc3cnccc3c2)cc1 0.9998600 296.3450 1.0000000 1.0000
 | 18.0965 21.1191 106.8805 0.9999965 [CH3:0][CH2:0]c1cncc2ncc([CH2:1][NH:1]CCCNc3cc[n+]([O-])cc3)cc12 c1cc2cc([CH2:1][NH:1]CCCNc3cc[nH+]cc3)cnc2cn1 0.9999965 337.4270 1.0000000 1.0000
 | 12.9243 16.1435 111.7707 0.9993301 [CH3:0][CH2:0]c1cncc2ncc([CH2:1][NH:1]c3cccc(O)c3)cc12 c1ccc([NH:1][CH2:1]c2cnc3cnccc3c2)cc1 0.9993301 279.3430 1.0000000 1.0000
12:32:28 <INFO> Score: 0.93 Agent NLL: 19.42 Valid:  98% Step: 19
 | Agent Prior Target Score SMILES Scaffold Molecular weight Molecular weight (raw) Unwanted SMARTS Unwanted SMARTS (raw)
 | 18.9052 17.6510 110.3232 0.9997984 [CH3:0][CH2:0]c1ccc2cncc([CH2:1][N:1]3CCc4[nH]ncc4C3)c2c1 c1ccc2c([CH2:1][N:1]3CCc4[nH]ncc4C3)cncc2c1 0.9997984 292.3860 1.0000000 1.0000
 | 21.4497 23.3776 -23.3776 0.0000000 INVALID1 -- 0.0000000 0.0000 0.0000000 0.0000
 | 23.4049 25.8506 102.1317 0.9998621 Nc1ncc(-c2ccccc2)[c:0]([CH2:0]c2ccc3cncc([CH2:1][c:1]4ccncc4)c3c2)n1 c1ccc(-c2cncn[c:0]2[CH2:0]c2ccc3cncc([CH2:1][c:1]4ccncc4)c3c2)cc1 0.9998621 403.4890 1.0000000 1.0000
 | 33.6193 37.7466 89.9714 0.9977968 NC[CH2:0][CH2:0]c1ccc2cncc([CH2:1][N:1]3CCCC(O)(c4cncn4CC4CC4)CC3)c2c1 c1ccc2c([CH2:1][N:1]3CCCC(c4cncn4CC4CC4)CC3)cncc2c1 0.9977968 433.6000 1.0000000 1.0000
 | 24.4237 24.5341 103.4634 0.9999802 O=C(O)C[NH:0][CH2:0]c1ccc2cncc([CH2:1][O:1]c3ccc(OCCO)cc3)c2c1 c1ccc([O:1][CH2:1]c2cncc3ccccc23)cc1 0.9999802 382.4160 0.0000000 0.0000
 | 26.6822 30.0718 97.9118 0.9998725 CC(CN)[O:0][CH2:0]c1ccc2cncc([CH2:1][c:1]3ncn[nH]3)c2c1 c1ccc2c([CH2:1][c:1]3ncn[nH]3)cncc2c1 0.9998725 297.3620 1.0000000 1.0000
 | 22.2429 32.5505 95.4446 0.9999618 OCC1CCCCC[N:0]1[CH2:0]c1ccc2cncc([CH2:1][CH2:1]Cc3ccncc3)c2c1 c1cc(C[CH2:1][CH2:1]c2cncc3ccc([CH2:0][N:0]4CCCCCC4)cc23)ccn1 0.9999618 389.5430 1.0000000 1.0000
 | 21.1073 19.2916 108.7073 0.9999919 [CH3:0][CH2:0]c1ccc2cncc([CH2:1][N:1]3CCC(N(C)CCOC)C3)c2c1 c1ccc2c([CH2:1][N:1]3CCCC3)cncc2c1 0.9999919 327.4720 1.0000000 1.0000
 | 15.4367 13.3021 114.6389 0.9995397 [CH3:0][CH2:0]c1ccc2cncc([CH2:1][N:1]3CCCC(CN)C3)c2c1 c1ccc2c([CH2:1][N:1]3CCCCC3)cncc2c1 0.9995397 283.4190 1.0000000 1.0000
 | 11.4143 8.8770 118.4137 0.9944585 [CH3:0][CH2:0]c1ccc2cncc([CH2:1][N:1]3CCOCC3)c2c1 c1ccc2c([CH2:1][N:1]3CCOCC3)cncc2c1 0.9944585 256.3490 1.0000000 1.0000
12:32:31 <INFO> Score: 0.94 Agent NLL: 22.00 Valid:  98% Step: 20
 | Agent Prior Target Score SMILES Scaffold Molecular weight Molecular weight (raw) Unwanted SMARTS Unwanted SMARTS (raw)
 | 22.4533 26.6065 101.3721 0.9998326 N#CC[CH2:0][CH2:0]c1cnc2cncc([CH2:1][CH2:1]C3CCCN3)c2c1 c1cnc2cncc([CH2:1][CH2:1]C3CCCN3)c2c1 0.9998326 294.4020 1.0000000 1.0000
 | 13.8732 21.5630 106.1536 0.9977863 [CH3:0][CH2:0]c1cnc2cncc([CH2:1][CH2:1]Cn3ccnc3)c2c1 c1cnc2cncc([CH2:1][CH2:1]Cn3ccnc3)c2c1 0.9977863 266.3480 1.0000000 1.0000
 | 26.7958 28.7825 99.2152 0.9999816 CCc1csc(C2C[N:0]([CH2:0]c3cnc4cncc([CH2:1][CH3:1])c4c3)CCN2C)n1 c1cc2cc([CH2:0][N:0]3CCNC(c4nccs4)C3)cnc2cn1 0.9999816 381.5490 1.0000000 1.0000
 | 16.7126 23.7124 104.2867 0.9999932 Cc1nccn1[CH2:1][CH2:1]c1cncc2ncc([CH2:0][c:0]3ccncc3)cc12 c1c[c:0]([CH2:0]c2cnc3cncc([CH2:1][CH2:1]n4ccnc4)c3c2)ccn1 0.9999932 329.4070 1.0000000 1.0000
 | 29.9374 35.3585 92.6239 0.9998626 COC[CH2:0][CH2:0]c1cnc2cncc([CH2:1][NH:1]Cc3cc(C)ccc3C(F)(F)F)c2c1 c1ccc(C[NH:1][CH2:1]c2cncc3ncccc23)cc1 0.9998626 403.4480 1.0000000 1.0000
 | 18.0350 23.7422 104.2576 0.9999980 c1cn[c:1]([CH2:1]c2cncc3ncc([CH2:0][NH:0]CC4CNCCO4)cc23)cn1 c1cn[c:1]([CH2:1]c2cncc3ncc([CH2:0][NH:0]CC4CNCCO4)cc23)cn1 0.9999980 350.4260 1.0000000 1.0000
 | 21.9963 24.5633 103.4354 0.9999894 c1cnc([NH:1][CH2:1]c2cncc3ncc([CH2:0][N:0]4CC5CCNCC5C4)cc23)cn1 c1cnc([NH:1][CH2:1]c2cncc3ncc([CH2:0][N:0]4CC5CCNCC5C4)cc23)cn1 0.9999894 375.4800 1.0000000 1.0000
 | 27.1470 36.0238 91.9120 0.9994982 COc1nc2cnccn2c1C1CC([NH:0][CH2:0]c2cnc3cncc([CH2:1][CH3:1])c3c2)CCN1 c1cc2cc([CH2:0][NH:0]C3CCNC(c4cnc5cnccn45)C3)cnc2cn1 0.9994982 417.5170 1.0000000 1.0000
 | 16.4531 21.4843 106.5142 0.9999884 CN1CC[N:1]([CH2:1]c2cncc3ncc([CH2:0][N:0]4CC=CC4)cc23)CC1 C1=CC[N:0]([CH2:0]c2cnc3cncc([CH2:1][N:1]4CCNCC4)c3c2)C1 0.9999884 323.4440 1.0000000 1.0000
 | 20.3274 24.2750 103.5293 0.9984714 C[CH2:1][CH2:1]c1cncc2ncc([CH2:0][O:0]C3CCCC3)cc12 c1cc2cc([CH2:0][O:0]C3CCCC3)cnc2cn1 0.9984714 270.3760 1.0000000 1.0000
12:32:32 <INFO> Score: 0.89 Agent NLL: 18.73 Valid:  99% Step: 21
 | Agent Prior Target Score SMILES Scaffold Molecular weight Molecular weight (raw) Unwanted SMARTS Unwanted SMARTS (raw)
 | 12.1804 20.3213 107.6551 0.9998159 CNC[CH2:0][CH2:0]c1cncc2ncc([CH2:1][c:1]3cncnc3)cc12 c1cc2cc([CH2:1][c:1]3cncnc3)cnc2cn1 0.9998159 293.3740 1.0000000 1.0000
 | 10.0455 15.6773 112.2288 0.9992666 NC[CH2:0][CH2:0]c1cncc2ncc([CH2:1][c:1]3cccnc3)cc12 c1cnc[c:1]([CH2:1]c2cnc3cnccc3c2)c1 0.9992666 278.3590 1.0000000 1.0000
 | 17.4476 20.9064 107.0920 0.9999872 [CH3:0][CH2:0]c1cncc2ncc([CH2:1][c:1]3cccnc3OCCNC)cc12 c1cnc[c:1]([CH2:1]c2cnc3cnccc3c2)c1 0.9999872 322.4120 1.0000000 1.0000
 | 9.2361 10.6807 115.9706 0.9894629 [CH3:0][CH2:0]c1cncc2ncc([CH2:1][c:1]3cccnc3)cc12 c1cnc[c:1]([CH2:1]c2cnc3cnccc3c2)c1 0.9894629 249.3170 1.0000000 1.0000
 | 17.1368 22.3583 105.6380 0.9999710 C[NH:0][CH2:0]c1cncc2ncc([CH2:1][N:1]3CCCC(CN)CC3)cc12 c1cc2cc([CH2:1][N:1]3CCCCCC3)cnc2cn1 0.9999710 313.4490 1.0000000 1.0000
 | 14.8459 23.8850 104.1116 0.9999737 c1c[c:0]([CH2:0]c2cncc3ncc([CH2:1][c:1]4cnn(C5CCOCC5)c4)cc23)ccn1 c1c[c:0]([CH2:0]c2cncc3ncc([CH2:1][c:1]4cnn(C5CCOCC5)c4)cc23)ccn1 0.9999737 385.4710 1.0000000 1.0000
 | 16.7629 22.3891 105.6106 0.9999979 Cc1n[c:1]([CH2:1]c2cnc3cncc([CH2:0][c:0]4ccncc4)c3c2)c(C)s1 c1c[c:0]([CH2:0]c2cncc3ncc([CH2:1][c:1]4cscn4)cc23)ccn1 0.9999979 346.4590 1.0000000 1.0000
 | 20.9455 30.4650 97.5348 0.9999980 CNC[CH2:0][CH2:0]c1cncc2ncc([CH2:1][c:1]3c(OC)ccnc3OC)cc12 c1cnc[c:1]([CH2:1]c2cnc3cnccc3c2)c1 0.9999980 352.4380 1.0000000 1.0000
 | 16.9624 18.7193 109.2800 0.9999947 F[C:0](F)(F)[CH2:0]c1cncc2ncc([CH2:1][NH:1]Cc3ccccn3)cc12 c1ccc(C[NH:1][CH2:1]c2cnc3cnccc3c2)nc1 0.9999947 332.3290 1.0000000 1.0000
 | 16.7686 21.3260 106.6737 0.9999980 OCC1CC[N:0]([CH2:0]c2cncc3ncc([CH2:1][c:1]4ccncc4)cc23)CC1 c1c[c:1]([CH2:1]c2cnc3cncc([CH2:0][N:0]4CCCCC4)c3c2)ccn1 0.9999980 348.4500 1.0000000 1.0000
12:32:35 <INFO> Score: 0.92 Agent NLL: 19.74 Valid:  98% Step: 22
 | Agent Prior Target Score SMILES Scaffold Molecular weight Molecular weight (raw) Unwanted SMARTS Unwanted SMARTS (raw)
 | 41.0192 52.8635 -52.8635 0.0000000 INVALID0 -- 0.0000000 0.0000 0.0000000 0.0000
 | 12.5926 12.6091 115.2287 0.9987330 [CH3:0][CH2:0]c1ccc2cncc([CH2:1][N:1]3CCSCC3)c2c1 c1ccc2c([CH2:1][N:1]3CCSCC3)cncc2c1 0.9987330 272.4170 1.0000000 1.0000
 | 12.9927 16.3004 111.6781 0.9998326 [CH3:0][CH2:0]c1ccc2cncc([CH2:1][NH:1]CCCn3ccnc3)c2c1 c1ccc2c([CH2:1][NH:1]CCCn3ccnc3)cncc2c1 0.9998326 294.4020 1.0000000 1.0000
 | 22.7761 28.4387 99.5577 0.9999717 [CH3:0][CH2:0]c1ccc2cncc([CH2:1][NH:1]c3ncc(NCCBr)cn3)c2c1 c1cnc([NH:1][CH2:1]c2cncc3ccccc23)nc1 0.9999717 386.2970 1.0000000 1.0000
 | 17.1139 21.9524 106.0417 0.9999538 c1nnn([CH2:1][CH2:1]c2cncc3ccc([CH2:0][N:0]4CCCC4)cc23)n1 c1nnn([CH2:1][CH2:1]c2cncc3ccc([CH2:0][N:0]4CCCC4)cc23)n1 0.9999538 308.3890 1.0000000 1.0000
 | 23.2467 31.2183 96.7272 0.9995746 O=[N+]([O-])n1ccn[c:1]1[CH2:1]c1cncc2ccc([CH2:0][OH:0])cc12 c1ccc2c([CH2:1][c:1]3ncc[nH]3)cncc2c1 0.9995746 284.2750 1.0000000 1.0000
 | 33.2806 48.5846 76.3913 0.9763747 COc1cn(CCC#N)c(=O)c([CH2:0][CH2:0]c2ccc3cncc([CH2:1][N:1]4CCN(C)CC4)c3c2)c1C O=c1[nH]cccc1[CH2:0][CH2:0]c1ccc2cncc([CH2:1][N:1]3CCNCC3)c2c1 0.9763747 459.5940 1.0000000 1.0000
 | 29.9744 38.7144 89.2768 0.9999312 Cn1cnc[c:1]1[CH2:1]c1cncc2ccc([CH2:0][N:0]3CCC(Cl)C4CNCC43)cc12 c1nc[c:1]([CH2:1]c2cncc3ccc([CH2:0][N:0]4CCCC5CNCC54)cc23)[nH]1 0.9999312 395.9380 1.0000000 1.0000
 | 24.7608 29.7771 98.2217 0.9999903 OCCN1CC2CC1C[N:0]2[CH2:0]c1ccc2cncc([CH2:1][c:1]3ccncc3)c2c1 c1c[c:1]([CH2:1]c2cncc3ccc([CH2:0][N:0]4CC5CC4CN5)cc23)ccn1 0.9999903 374.4880 1.0000000 1.0000
 | 12.3645 16.6275 111.3717 0.9999943 c1cnc[c:1]([CH2:1]c2cncc3ccc([CH2:0][N:0]4CCCCCC4)cc23)c1 c1cnc[c:1]([CH2:1]c2cncc3ccc([CH2:0][N:0]4CCCCCC4)cc23)c1 0.9999943 331.4630 1.0000000 1.0000
12:32:38 <INFO> Score: 0.92 Agent NLL: 21.00 Valid: 100% Step: 23
 | Agent Prior Target Score SMILES Scaffold Molecular weight Molecular weight (raw) Unwanted SMARTS Unwanted SMARTS (raw)
 | 13.2566 15.3655 112.4388 0.9984714 [CH3:0][CH2:0]c1cncc2ccc([CH2:1][NH:1]CC3CCCO3)cc12 c1cc2cc([CH2:1][NH:1]CC3CCCO3)ccc2cn1 0.9984714 270.3760 1.0000000 1.0000
 | 16.3861 18.9267 109.0730 0.9999979 c1cc2cncc([CH2:0][N:0]3CCCNCC3)c2cc1[CH2:1][NH:1]C1CCOCC1 c1cc2cncc([CH2:0][N:0]3CCCNCC3)c2cc1[CH2:1][NH:1]C1CCOCC1 0.9999979 354.4980 1.0000000 1.0000
 | 27.0977 31.9815 96.0126 0.9999540 C#[C:0][CH2:0]c1cncc2ccc([CH2:1][N:1]3CCCC(NCC4CCOCC4)CC3)cc12 c1cc2cc([CH2:1][N:1]3CCCC(NCC4CCOCC4)CC3)ccc2cn1 0.9999540 391.5590 0.0000000 0.0000
 | 29.2843 31.2851 96.6705 0.9996527 CC[CH2:0][CH2:0]c1cncc2ccc([CH2:1][O:1]c3ccc(-c4cncc(OC)c4N)cc3)cc12 c1cncc(-c2ccc([O:1][CH2:1]c3ccc4cnccc4c3)cc2)c1 0.9996527 413.5210 1.0000000 1.0000
 | 19.1343 27.3494 100.6493 0.9999902 OCCC[O:0][CH2:0]c1cncc2ccc([CH2:1][O:1]c3cnccn3)cc12 c1cnc([O:1][CH2:1]c2ccc3cnccc3c2)cn1 0.9999902 325.3680 1.0000000 1.0000
 | 29.2380 38.5384 89.4603 0.9999894 [O-][n+]1cncc[c:1]1[CH2:1]c1ccc2cncc([CH2:0][N:0]3CCN(C4CC4)CC3)c2c1 c1c[c:1]([CH2:1]c2ccc3cncc([CH2:0][N:0]4CCN(C5CC5)CC4)c3c2)[nH+]cn1 0.9999894 375.4760 1.0000000 1.0000
 | 38.0715 54.4471 -45.1977 0.0722613 CC12CCC(CC(=O)O)CC1CC[N:0]([CH2:0]c1cncc3ccc([CH2:1][N:1]4CCCC(c5cnccn5)C4)cc13)C2 c1cnc(C2CCC[N:1]([CH2:1]c3ccc4cncc([CH2:0][N:0]5CCC6CCCCC6C5)c4c3)C2)cn1 0.0722613 527.7130 0.0000000 0.0000
 | 18.2043 25.2864 102.7130 0.9999952 NC1CCC([NH:1][CH2:1]c2ccc3cncc([CH2:0][NH:0]CC4CCCC4)c3c2)CC1 c1cc2cncc([CH2:0][NH:0]CC3CCCC3)c2cc1[CH2:1][NH:1]C1CCCCC1 0.9999952 366.5530 1.0000000 1.0000
 | 27.7451 33.6479 8.5531 0.3296950 O=S(=O)(NC1CCCCN(C[CH2:1][CH2:1]c2ccc3cncc([CH2:0][N:0]4CCCC4)c3c2)C1)c1cccnc1 O=S(=O)(NC1CCCCN(C[CH2:1][CH2:1]c2ccc3cncc([CH2:0][N:0]4CCCC4)c3c2)C1)c1cccnc1 0.3296950 507.7040 1.0000000 1.0000
 | 19.2986 24.2647 103.7347 0.9999952 CC1CCCC[N:1]1[CH2:1]c1ccc2cncc([CH2:0][NH:0]C3CCCNCC3)c2c1 c1cc2cncc([CH2:0][NH:0]C3CCCNCC3)c2cc1[CH2:1][N:1]1CCCCC1 0.9999952 366.5530 1.0000000 1.0000
12:32:41 <INFO> Score: 0.91 Agent NLL: 19.99 Valid:  99% Step: 24
 | Agent Prior Target Score SMILES Scaffold Molecular weight Molecular weight (raw) Unwanted SMARTS Unwanted SMARTS (raw)
 | 41.1541 47.8077 -43.9487 0.0301485 CCCCCS(=O)(=O)NC1CCOC(Cn2n[c:1]([CH2:1]c3ccc4cncc([CH2:0][CH2:0]C#N)c4c3)ccc2=O)C1 O=c1cc[c:1]([CH2:1]c2ccc3cnccc3c2)nn1CC1CCCCO1 0.0301485 537.6860 1.0000000 1.0000
 | 14.1458 17.2466 110.4965 0.9979933 C[CH2:0][CH2:0]c1cncc2ccc([CH2:1][CH2:1]C3CCCC3)cc12 c1cc2cc([CH2:1][CH2:1]C3CCCC3)ccc2cn1 0.9979933 267.4160 1.0000000 1.0000
 | 18.9418 16.9403 111.0059 0.9995795 [CH3:0][CH2:0]c1cncc2ccc([CH2:1][NH:1]C3CCC(OC)C3)cc12 c1cc2cc([CH2:1][NH:1]C3CCCC3)ccc2cn1 0.9995795 284.4030 1.0000000 1.0000
 | 21.6857 25.5878 -25.5878 0.0000000 [CH3:0][CH2:0]c1cncc2ccc([CH2:1][NH:1]S(=O)CO)cc12 c1ccc2cnccc2c1 0.9973403 264.3500 0.0000000 0.0000
 | 13.0836 15.6888 111.9996 0.9975661 [CH3:0][CH2:0]c1cncc2ccc([CH2:1][O:1]c3ncccn3)cc12 c1cnc([O:1][CH2:1]c2ccc3cnccc3c2)nc1 0.9975661 265.3160 1.0000000 1.0000
 | 13.9294 15.2491 112.7494 0.9999883 [CH3:0][CH2:0]c1cncc2ccc([CH2:1][NH:1]c3ccnc(NCCO)n3)cc12 c1cc([NH:1][CH2:1]c2ccc3cnccc3c2)ncn1 0.9999883 323.4000 1.0000000 1.0000
 | 36.8518 38.7572 -30.9348 0.0611130 CC=CS(=O)(=O)N1CCN(c2ccccc2[O:1][CH2:1]c2ccc3cncc([CH2:0][O:0]c4ccccc4)c3c2)CC1 c1ccc([O:0][CH2:0]c2cncc3ccc([CH2:1][O:1]c4ccccc4N4CCNCC4)cc23)cc1 0.0611130 529.6620 1.0000000 1.0000
 | 23.2751 33.0398 94.7437 0.9983090 Clc1cncc[c:0]1[CH2:0]c1cncc2ccc([CH2:1][O:1]c3c(Cl)ccnc3Cl)cc12 c1cncc([O:1][CH2:1]c2ccc3cncc([CH2:0][c:0]4ccncc4)c3c2)c1 0.9983090 430.7220 1.0000000 1.0000
 | 25.9176 37.4171 90.1384 0.9965268 Cc1nc(-c2ccccc2[O:1][CH2:1]c2ccc3cncc([CH2:0][c:0]4ccncn4)c3c2)c(C)s1 c1ccc([O:1][CH2:1]c2ccc3cncc([CH2:0][c:0]4ccncn4)c3c2)c(-c2cscn2)c1 0.9965268 438.5560 1.0000000 1.0000
 | 15.8734 13.3758 -13.3758 0.0000000 Brc1cccc[c:0]1[CH2:0]c1cncc2ccc([CH2:1][CH3:1])cc12 c1cc[c:0]([CH2:0]c2cncc3ccccc23)cc1 0.9999909 326.2370 1.0000000 1.0000
12:32:44 <INFO> Score: 0.92 Agent NLL: 18.79 Valid:  98% Step: 25
 | Agent Prior Target Score SMILES Scaffold Molecular weight Molecular weight (raw) Unwanted SMARTS Unwanted SMARTS (raw)
 | 16.3065 18.1564 -18.1564 0.0000000 CCS(=O)(=O)[NH:1][CH2:1]c1ccc2cncc([CH2:0][CH2:0]CN)c2c1 c1ccc2cnccc2c1 0.9999495 307.4190 1.0000000 1.0000
 | 13.5928 19.6114 108.3029 0.9993301 [CH3:0][CH2:0]c1cncc2ccc([CH2:1][CH2:1]n3cccnc3=O)cc12 O=c1ncccn1[CH2:1][CH2:1]c1ccc2cnccc2c1 0.9993301 279.3430 1.0000000 1.0000
 | 15.2138 17.7913 110.0130 0.9984714 [CH3:0][CH2:0]c1cncc2ccc([CH2:1][N:1]3CCC(CO)C3)cc12 c1cc2cc([CH2:1][N:1]3CCCC3)ccc2cn1 0.9984714 270.3760 1.0000000 1.0000
 | 14.5218 16.4624 110.6008 0.9926810 Cn1cnn[c:1]1[CH2:1]c1ccc2cncc([CH2:0][NH2:0])c2c1 c1cc2cc([CH2:1][c:1]3nnc[nH]3)ccc2cn1 0.9926810 253.3090 1.0000000 1.0000
 | 20.9250 23.8620 104.1201 0.9998603 Cc1cc([O:1][CH2:1]c2ccc3cncc([CH2:0][CH2:0]CN)c3c2)n[nH]1 c1cc2cc([CH2:1][O:1]c3cc[nH]n3)ccc2cn1 0.9998603 296.3740 1.0000000 1.0000
 | 18.8453 24.6993 -24.6993 0.0000000 CCC[O:1][CH2:1]c1ccc2cncc([CH2:0][NH:0]CCN)c2c1 c1ccc2cnccc2c1 0.9988405 273.3800 1.0000000 1.0000
 | 21.4432 35.8363 92.1600 0.9999712 OCCCCCn1ncc[c:0]1[CH2:0]c1cncc2ccc([CH2:1][c:1]3ccncc3)cc12 c1c[c:1]([CH2:1]c2ccc3cncc([CH2:0][c:0]4ccn[nH]4)c3c2)ccn1 0.9999712 386.4990 1.0000000 1.0000
 | 23.4307 36.3685 91.6270 0.9999651 Cc1ccccc1[O:1][CH2:1]c1ccc2cncc([CH2:0][CH2:0]CC3CCCCC3N)c2c1 c1ccc([O:1][CH2:1]c2ccc3cncc([CH2:0][CH2:0]CC4CCCCC4)c3c2)cc1 0.9999651 388.5550 1.0000000 1.0000
 | 23.7947 27.6582 100.3369 0.9999618 Cc1ccc([NH:1][CH2:1]c2ccc3cncc([CH2:0][O:0]CC4CCCCC4)c3c2)c(C)n1 c1cncc([NH:1][CH2:1]c2ccc3cncc([CH2:0][O:0]CC4CCCCC4)c3c2)c1 0.9999618 389.5430 1.0000000 1.0000
 | 17.4010 21.7832 106.2161 0.9999948 c1cnc([CH2:1][CH2:1]c2ccc3cncc([CH2:0][N:0]4CCCCC4)c3c2)cn1 c1cnc([CH2:1][CH2:1]c2ccc3cncc([CH2:0][N:0]4CCCCC4)c3c2)cn1 0.9999948 332.4510 1.0000000 1.0000
12:32:46 <INFO> Score: 0.93 Agent NLL: 19.14 Valid:  98% Step: 26
 | Agent Prior Target Score SMILES Scaffold Molecular weight Molecular weight (raw) Unwanted SMARTS Unwanted SMARTS (raw)
 | 19.5221 23.6165 104.3831 0.9999965 c1cc2cncc([CH2:1][CH2:1]CN3CCC3)c2cc1[CH2:0][CH2:0]CN1CCCC1 c1cc2cncc([CH2:1][CH2:1]CN3CCC3)c2cc1[CH2:0][CH2:0]CN1CCCC1 0.9999965 337.5110 1.0000000 1.0000
 | 17.9380 24.6313 103.3593 0.9999267 c1cnn([CH2:0][CH2:0]c2ccc3cncc([CH2:1][c:1]4cn[nH]c4)c3c2)c1 c1cnn([CH2:0][CH2:0]c2ccc3cncc([CH2:1][c:1]4cn[nH]c4)c3c2)c1 0.9999267 303.3690 1.0000000 1.0000
 | 10.6807 17.4295 110.2590 0.9975661 [CH3:0][CH2:0]c1ccc2cncc([CH2:1][O:1]c3cnccn3)c2c1 c1ccc2c([CH2:1][O:1]c3cnccn3)cncc2c1 0.9975661 265.3160 1.0000000 1.0000
 | 20.9246 26.9415 101.0583 0.9999977 C[NH:0][CH2:0]c1ccc2cncc([CH2:1][CH2:1]c3ccnc4ncnc(N)c34)c2c1 c1ccc2c([CH2:1][CH2:1]c3ccnc4ncncc34)cncc2c1 0.9999977 344.4220 1.0000000 1.0000
 | 22.5872 32.5812 95.4185 0.9999980 CC(CNCCc1ccccn1)[O:0][CH2:0]c1ccc2cncc([CH2:1][CH3:1])c2c1 c1ccc(CCNCC[O:0][CH2:0]c2ccc3cnccc3c2)nc1 0.9999980 349.4780 1.0000000 1.0000
 | 33.1790 38.9978 29.7563 0.5371413 Brc1cc([O:0][CH2:0]c2ccc3cncc([CH2:1][c:1]4ccncn4)c3c2)ccc1Cc1cnccn1 c1c[c:1]([CH2:1]c2cncc3ccc([CH2:0][O:0]c4ccc(Cc5cnccn5)cc4)cc23)ncn1 0.5371413 498.3840 1.0000000 1.0000
 | 18.1991 22.6622 105.3206 0.9998658 C[CH2:0][CH2:0]c1ccc2cncc([CH2:1][c:1]3cnccc3Cl)c2c1 c1ccc2c([CH2:1][c:1]3cccnc3)cncc2c1 0.9998658 296.8010 1.0000000 1.0000
 | 23.3281 27.3962 100.6031 0.9999943 Cc1cnccc1C[CH2:0][CH2:0]c1ccc2cncc([CH2:1][CH2:1]c3cnccn3)c2c1 c1cc(C[CH2:0][CH2:0]c2ccc3cncc([CH2:1][CH2:1]c4cnccn4)c3c2)ccn1 0.9999943 368.4840 1.0000000 1.0000
 | 14.9394 20.4233 107.5761 0.9999952 OCC1CCC[N:0]1[CH2:0]c1ccc2cncc([CH2:1][c:1]3cccnc3)c2c1 c1cnc[c:1]([CH2:1]c2cncc3ccc([CH2:0][N:0]4CCCC4)cc23)c1 0.9999952 333.4350 1.0000000 1.0000
 | 24.0087 29.0822 98.9150 0.9999780 CC1CCC(C[NH:0][CH2:0]c2ccc3cncc([CH2:1][N:1]4CCOCC4)c3c2)C(O)C1 c1cc2cncc([CH2:1][N:1]3CCOCC3)c2cc1[CH2:0][NH:0]CC1CCCCC1 0.9999780 383.5360 1.0000000 1.0000
12:32:49 <INFO> Score: 0.92 Agent NLL: 18.90 Valid:  98% Step: 27
 | Agent Prior Target Score SMILES Scaffold Molecular weight Molecular weight (raw) Unwanted SMARTS Unwanted SMARTS (raw)
 | 14.5906 20.1083 107.8823 0.9999266 Cc1ccncc1[O:1][CH2:1]c1cncc2ccc([CH2:0][CH2:0]C#N)cc12 c1cncc([O:1][CH2:1]c2cncc3ccccc23)c1 0.9999266 303.3650 1.0000000 1.0000
 | 15.7850 17.4601 110.4460 0.9992664 C[CH2:0][CH2:0]c1ccc2cncc([CH2:1][O:1]c3cccnc3)c2c1 c1cncc([O:1][CH2:1]c2cncc3ccccc23)c1 0.9992664 278.3550 1.0000000 1.0000
 | 17.9820 15.1955 112.7554 0.9996160 [CH3:0][CH2:0]c1ccc2cncc([CH2:1][O:1]C3CCCCC3O)c2c1 c1ccc2c([CH2:1][O:1]C3CCCCC3)cncc2c1 0.9996160 285.3870 1.0000000 1.0000
 | 34.4490 31.5196 96.4796 0.9999933 [CH3:0][CH2:0]c1ccc2cncc([CH2:1][NH:1]C3CCCCC(C)(C(=O)OC)C3O)c2c1 c1ccc2c([CH2:1][NH:1]C3CCCCCC3)cncc2c1 0.9999933 370.4930 0.0000000 0.0000
 | 22.1344 25.0643 102.9274 0.9999352 Clc1cc[c:1]([CH2:1]c2cncc3ccc([CH2:0][O:0]c4cccnc4Cl)cc23)cc1 c1cc[c:1]([CH2:1]c2cncc3ccc([CH2:0][O:0]c4cccnc4)cc23)cc1 0.9999352 395.2890 1.0000000 1.0000
 | 20.7838 24.6211 103.3785 0.9999970 CC1CCCN(C[CH2:1][CH2:1]c2cncc3ccc([CH2:0][c:0]4cncnc4)cc23)C1 c1nc[c:0]([CH2:0]c2ccc3cncc([CH2:1][CH2:1]CN4CCCCC4)c3c2)cn1 0.9999970 360.5050 1.0000000 1.0000
 | 21.6117 26.1445 101.8452 0.9999197 C#CC[NH:0][CH2:0]c1ccc2cncc([CH2:1][CH2:1]c3cnccn3)c2c1 c1ccc2c([CH2:1][CH2:1]c3cnccn3)cncc2c1 0.9999197 302.3810 0.0000000 0.0000
 | 22.5100 26.0701 101.9121 0.9998611 COc1cccc[c:1]1[CH2:1]c1cncc2ccc([CH2:0][NH:0]CCN3CCCCCC3)cc12 c1cc[c:1]([CH2:1]c2cncc3ccc([CH2:0][NH:0]CCN4CCCCCC4)cc23)cc1 0.9998611 403.5700 1.0000000 1.0000
 | 10.6112 10.9385 -10.9385 0.0000000 c1cc2cncc([CH2:1][NH2:1])c2cc1[CH2:0][N:0]1CCCCCC1 c1cc2cc([CH2:0][N:0]3CCCCCC3)ccc2cn1 0.9983266 269.3920 1.0000000 1.0000
 | 17.7050 21.6484 106.3514 0.9999980 Cc1c(N)ncc[c:1]1[CH2:1]c1cncc2ccc([CH2:0][N:0]3CCOCC3)cc12 c1c[c:1]([CH2:1]c2cncc3ccc([CH2:0][N:0]4CCOCC4)cc23)ccn1 0.9999980 348.4500 1.0000000 1.0000
12:32:49 <INFO> Terminating early in step = 26
12:32:50 <INFO> Finished stage 1 >>>
12:32:50 <INFO> Writing tabular data for stage to staged_learning_2.csv
12:32:50 <INFO> Starting stage 2 <<<
12:32:50 <INFO> Current GPU memory usage: 4080 MiB used, 28421 MiB free
12:32:53 <INFO> Score: 0.60 Agent NLL: 17.89 Valid:  98% Step: 1
 | Agent Prior Target Score SMILES Scaffold QED Score QED Score (raw)
 | 11.9089 18.0528 73.1348 0.7124036 [CH3:0][CH2:0]c1ccc2cncc([CH2:1][CH2:1]Cc3cncnc3)c2c1 c1ccc2c([CH2:1][CH2:1]Cc3cncnc3)cncc2c1 0.7124036 0.7124
 | 11.6268 16.4843 78.0968 0.7389151 c1cn[c:1]([CH2:1]c2cncc3ccc([CH2:0][N:0]4CCOCC4)cc23)cn1 c1cn[c:1]([CH2:1]c2cncc3ccc([CH2:0][N:0]4CCOCC4)cc23)cn1 0.7389151 0.7389
 | 12.8910 18.2822 74.2998 0.7232973 c1cnc[c:0]([CH2:0]c2ccc3cncc([CH2:1][CH:1]4CCOCC4)c3c2)c1 c1cnc[c:0]([CH2:0]c2ccc3cncc([CH2:1][CH:1]4CCOCC4)c3c2)c1 0.7232973 0.7233
 | 17.0252 20.7955 47.2959 0.5319641 c1c[c:0]([CH2:0]c2ccc3cncc([CH2:1][c:1]4cscn4)c3c2)cs1 c1c[c:0]([CH2:0]c2ccc3cncc([CH2:1][c:1]4cscn4)c3c2)cs1 0.5319641 0.5320
 | 18.3068 25.4775 33.1420 0.4579654 c1cc(C2CCCC[N:0]2[CH2:0]c2ccc3cncc([CH2:1][c:1]4ccncc4)c3c2)ccn1 c1cc(C2CCCC[N:0]2[CH2:0]c2ccc3cncc([CH2:1][c:1]4ccncc4)c3c2)ccn1 0.4579654 0.4580
 | 32.0437 36.8482 56.3114 0.7278092 CN1CCCCC1C[O:0][CH2:0]c1ccc2cncc([CH2:1][CH:1]3CCNC(F)CC3)c2c1 c1cc2cncc([CH2:1][CH:1]3CCCNCC3)c2cc1[CH2:0][O:0]CC1CCCCN1 0.7278092 0.7278
 | 19.2789 17.0240 81.4509 0.7693354 OCc1cccc[c:1]1[CH2:1]c1cncc2ccc([CH2:0][N:0]3CCCC3)cc12 c1cc[c:1]([CH2:1]c2cncc3ccc([CH2:0][N:0]4CCCC4)cc23)cc1 0.7693354 0.7693
 | 22.2070 28.3983 38.6330 0.5236820 Clc1cc([NH:1][CH2:1]c2cncc3ccc([CH2:0][CH2:0]C4CCNCC4)cc23)cnc1Cl c1cncc([NH:1][CH2:1]c2cncc3ccc([CH2:0][CH2:0]C4CCNCC4)cc23)c1 0.5236820 0.5237
 | 10.6076 11.2451 106.2711 0.9180951 c1cc2cncc([CH2:1][NH2:1])c2cc1[CH2:0][CH:0]1CCOCC1 c1cc2cc([CH2:0][CH:0]3CCOCC3)ccc2cn1 0.9180951 0.9181
 | 28.2334 38.5451 17.8041 0.4402278 Nc1ccnn1[CH2:1][CH2:1]c1cncc2ccc([CH2:0][NH:0]Cc3ncn(C4CCOCC4)n3)cc12 c1cnn([CH2:1][CH2:1]c2cncc3ccc([CH2:0][NH:0]Cc4ncn(C5CCOCC5)n4)cc23)c1 0.4402278 0.4402
12:32:57 <INFO> Score: 0.61 Agent NLL: 16.71 Valid:  99% Step: 2
 | Agent Prior Target Score SMILES Scaffold QED Score QED Score (raw)
 | 10.7184 19.5157 77.5585 0.7583924 NC[CH2:0][CH2:0]c1cncc2ccc([CH2:1][CH2:1]c3cnccn3)cc12 c1cnc([CH2:1][CH2:1]c2ccc3cnccc3c2)cn1 0.7583924 0.7584
 | 19.4802 22.4653 87.6374 0.8601770 C[CH2:0][CH2:0]c1cncc2ccc([CH2:1][NH:1]C3CCCCCC(N)C3)cc12 c1cc2cc([CH2:1][NH:1]C3CCCCCCC3)ccc2cn1 0.8601770 0.8602
 | 31.3430 29.9699 87.4321 0.9172032 [CH3:0][CH2:0]c1cncc2ccc([CH2:1][N:1]3CCOC4(CCCNC(=O)O4)C3)cc12 O=C1NCCCC2(C[N:1]([CH2:1]c3ccc4cnccc4c3)CCO2)O1 0.9172032 0.9172
 | 17.2608 22.0288 66.6372 0.6927029 COc1nccc[c:1]1[CH2:1]c1ccc2cncc([CH2:0][N:0]3CCCCC3)c2c1 c1cnc[c:1]([CH2:1]c2ccc3cncc([CH2:0][N:0]4CCCCC4)c3c2)c1 0.6927029 0.6927
 | 8.7580 7.7165 -7.7165 0.0000000 [CH3:0][CH2:0]c1cncc2ccc([CH2:1][CH3:1])cc12 c1ccc2cnccc2c1 0.6987440 0.6987
 | 22.7110 22.5316 63.4103 0.6714205 [CH3:0][CH2:0]c1cncc2ccc([CH2:1][NH:1]CCc3nn(C)cc3Br)cc12 c1cc2cc([CH2:1][NH:1]CCc3cc[nH]n3)ccc2cn1 0.6714205 0.6714
 | 19.3899 18.0106 102.2256 0.9393456 CC1CCC[N:0]([CH2:0]c2cncc3ccc([CH2:1][NH2:1])cc23)CC1 c1ccc2c([CH2:0][N:0]3CCCCCC3)cncc2c1 0.9393456 0.9393
 | 21.4262 27.4188 62.3610 0.7014044 OC1CC[N:0]([CH2:0]c2cncc3ccc([CH2:1][O:1]c4ccnc(F)c4)cc23)CC1 c1cc([O:1][CH2:1]c2ccc3cncc([CH2:0][N:0]4CCCCC4)c3c2)ccn1 0.7014044 0.7014
 | 12.9947 17.0444 72.1172 0.6965749 c1ccc([O:1][CH2:1]c2ccc3cncc([CH2:0][N:0]4CCCC4)c3c2)cc1 c1ccc([O:1][CH2:1]c2ccc3cncc([CH2:0][N:0]4CCCC4)c3c2)cc1 0.6965749 0.6966
 | 14.0613 13.3950 96.9384 0.8619795 CN1CC[N:1]([CH2:1]c2ccc3cncc([CH2:0][N:0]4CCCC4)c3c2)CC1 c1cc2cncc([CH2:0][N:0]3CCCC3)c2cc1[CH2:1][N:1]1CCNCC1 0.8619795 0.8620
12:32:59 <INFO> Score: 0.56 Agent NLL: 16.81 Valid:  97% Step: 3
 | Agent Prior Target Score SMILES Scaffold QED Score QED Score (raw)
 | 14.9568 15.4021 85.6729 0.7896489 [CH3:0][CH2:0]c1ccc2cncc([CH2:1][c:1]3cc(N)ncn3)c2c1 c1ccc2c([CH2:1][c:1]3ccncn3)cncc2c1 0.7896489 0.7896
 | 11.1204 18.1224 74.6089 0.7244635 c1ncn([CH2:1][CH2:1]c2cncc3ccc([CH2:0][N:0]4CCCCC4)cc23)n1 c1ncn([CH2:1][CH2:1]c2cncc3ccc([CH2:0][N:0]4CCCCC4)cc23)n1 0.7244635 0.7245
 | 14.4700 19.4546 99.4741 0.9291303 c1cc2cncc([CH2:1][CH:1]3CCOCC3)c2cc1[CH2:0][N:0]1CCCNCC1 c1cc2cncc([CH2:1][CH:1]3CCOCC3)c2cc1[CH2:0][N:0]1CCCNCC1 0.9291303 0.9291
 | 12.2186 16.6293 -16.6293 0.0000000 c1nc[c:1]([CH2:1]c2cncc3ccc([CH2:0][N:0]4CCOCC4)cc23)cn1 c1nc[c:1]([CH2:1]c2cncc3ccc([CH2:0][N:0]4CCOCC4)cc23)cn1 0.7389151 0.7389
 | 26.0267 36.1735 31.8674 0.5315695 Cc1nn(C)c(C)c1C[NH:0][CH2:0]c1ccc2cncc([CH2:1][CH2:1]n3ncnn3)c2c1 c1nnn([CH2:1][CH2:1]c2cncc3ccc([CH2:0][NH:0]Cc4cn[nH]c4)cc23)n1 0.5315695 0.5316
 | 22.1092 33.1088 60.1393 0.7285009 CC[O:1][CH2:1]c1cncc2ccc([CH2:0][NH:0]c3ncncc3O)cc12 c1cc([NH:0][CH2:0]c2ccc3cnccc3c2)ncn1 0.7285009 0.7285
 | 17.1887 19.1804 81.7248 0.7883221 [NH2:0][CH2:0]c1ccc2cncc([CH2:1][NH:1]C3CCNCC3)c2c1 c1ccc2c([CH2:1][NH:1]C3CCNCC3)cncc2c1 0.7883221 0.7883
 | 15.1977 16.0999 -16.0999 0.0000000 C[CH:1](C)[CH2:1]c1cncc2ccc([CH2:0][O:0]CCN)cc12 c1ccc2cnccc2c1 0.8104166 0.8104
 | 19.3382 31.6365 38.2706 0.5461485 N#Cc1ccncc1[O:0][CH2:0]c1ccc2cncc([CH2:1][c:1]3cnccn3)c2c1 c1cncc([O:0][CH2:0]c2ccc3cncc([CH2:1][c:1]4cnccn4)c3c2)c1 0.5461485 0.5461
 | 15.8877 23.7437 47.2146 0.5543615 COc1nccc[c:0]1[CH2:0]c1ccc2cncc([CH2:1][c:1]3ccncn3)c2c1 c1cnc[c:0]([CH2:0]c2ccc3cncc([CH2:1][c:1]4ccncn4)c3c2)c1 0.5543615 0.5544
12:33:01 <INFO> Score: 0.60 Agent NLL: 15.95 Valid:  97% Step: 4
 | Agent Prior Target Score SMILES Scaffold QED Score QED Score (raw)
 | 8.9642 7.7651 -7.7651 0.0000000 NCC[CH2:0][CH2:0]c1cncc2ccc([CH2:1][CH3:1])cc12 c1ccc2cnccc2c1 0.7986853 0.7987
 | 16.9340 25.0605 68.1472 0.7281853 Cn1cncc1C[O:1][CH2:1]c1ccc2cncc([CH2:0][CH2:0]CN)c2c1 c1cc2cc([CH2:1][O:1]Cc3cnc[nH]3)ccc2cn1 0.7281853 0.7282
 | 16.4667 17.5475 101.9253 0.9333815 [CH3:0][CH2:0]c1cncc2ccc([CH2:1][NH:1]C3CCCCOC3)cc12 c1cc2cc([CH2:1][NH:1]C3CCCCOC3)ccc2cn1 0.9333815 0.9334
 | 13.9010 12.7162 107.8756 0.9421240 [CH3:0][CH2:0]c1cncc2ccc([CH2:1][N:1]3CCCC(C(=O)O)C3)cc12 c1cc2cc([CH2:1][N:1]3CCCCC3)ccc2cn1 0.9421240 0.9421
 | 30.0181 26.9872 58.2718 0.6660856 [CH3:0][CH2:0]c1cncc2ccc([CH2:1][N:1]3CC(N=CN)C=NS3(=O)=O)cc12 O=S1(=O)N=CCC[N:1]1[CH2:1]c1ccc2cnccc2c1 0.6660856 0.6661
 | 15.1225 23.0218 62.2371 0.6660854 [CH3:0][CH2:0]c1cncc2ccc([CH2:1][CH:1]=Cc3cc[n+](C)cc3)cc12 C(c1cc[nH+]cc1)=[CH:1][CH2:1]c1ccc2cnccc2c1 0.6660854 0.6661
 | 25.1310 32.5588 54.5433 0.6804854 [CH3:0][CH2:0]c1cncc2ccc([CH2:1][c:1]3ncc4c(n3)C(=O)C(=O)N(C)C4)cc12 O=C1NCc2cn[c:1]([CH2:1]c3ccc4cnccc4c3)nc2C1=O 0.6804854 0.6805
 | 21.2628 23.9792 85.4693 0.8550661 CCOC(=O)C1CCCC[N:1]1[CH2:1]c1ccc2cncc([CH2:0][NH2:0])c2c1 c1cc2cc([CH2:1][N:1]3CCCCC3)ccc2cn1 0.8550661 0.8551
 | 20.4370 16.2773 74.1554 0.7065059 O=S1(=O)CCCC[N:1]1[CH2:1]c1ccc2cncc([CH2:0][c:0]3ccccc3)c2c1 O=S1(=O)CCCC[N:1]1[CH2:1]c1ccc2cncc([CH2:0][c:0]3ccccc3)c2c1 0.7065059 0.7065
 | 14.8719 23.1234 45.4853 0.5360059 Cc1ccc([O:1][CH2:1]c2ccc3cncc([CH2:0][c:0]4ccncc4)c3c2)cn1 c1cncc([O:1][CH2:1]c2ccc3cncc([CH2:0][c:0]4ccncc4)c3c2)c1 0.5360059 0.5360
12:33:03 <INFO> Score: 0.62 Agent NLL: 15.51 Valid:  98% Step: 5
 | Agent Prior Target Score SMILES Scaffold QED Score QED Score (raw)
 | 9.4813 9.9502 -9.9502 0.0000000 N#C[CH2:0][CH2:0]c1ccc2cncc([CH2:1][CH3:1])c2c1 c1ccc2cnccc2c1 0.7792683 0.7793
 | 16.8644 17.2315 76.2992 0.7307087 [CH3:0][CH2:0]c1ccc2cncc([CH2:1][c:1]3nc(C)cnc3C)c2c1 c1ccc2c([CH2:1][c:1]3cnccn3)cncc2c1 0.7307087 0.7307
 | 7.4842 10.7928 80.7610 0.7152641 [CH3:0][CH2:0]c1ccc2cncc([CH2:1][c:1]3cnccn3)c2c1 c1ccc2c([CH2:1][c:1]3cnccn3)cncc2c1 0.7152641 0.7153
 | 13.8602 16.1433 93.0458 0.8530398 c1cc2cncc([CH2:1][N:1]3CCCCCC3)c2cc1[CH2:0][N:0]1CCOCC1 c1cc2cncc([CH2:1][N:1]3CCCCCC3)c2cc1[CH2:0][N:0]1CCOCC1 0.8530398 0.8530
 | 11.4210 17.2450 91.9366 0.8529813 c1cc2cncc([CH2:1][N:1]3CCOCC3)c2cc1[CH2:0][N:0]1CCCOCC1 c1cc2cncc([CH2:1][N:1]3CCOCC3)c2cc1[CH2:0][N:0]1CCCOCC1 0.8529813 0.8530
 | 22.8048 26.3704 48.8976 0.5880312 Cc1nn(C)[c:1]([CH2:1]c2cncc3ccc([CH2:0][NH2:0])cc23)c1[N+](=O)[O-] c1ccc2c([CH2:1][c:1]3ccn[nH]3)cncc2c1 0.5880312 0.5880
 | 14.0965 17.7140 52.8375 0.5511833 c1cc[c:0]([CH2:0]c2ccc3cncc([CH2:1][O:1]c4cncnc4)c3c2)cc1 c1cc[c:0]([CH2:0]c2ccc3cncc([CH2:1][O:1]c4cncnc4)c3c2)cc1 0.5511833 0.5512
 | 10.2812 11.5860 94.9942 0.8326578 [CH3:0][CH2:0]c1ccc2cncc([CH2:1][CH:1]3CCOCC3)c2c1 c1ccc2c([CH2:1][CH:1]3CCOCC3)cncc2c1 0.8326578 0.8327
 | 16.1872 14.9520 102.3947 0.9167709 [CH3:0][CH2:0]c1ccc2cncc([CH2:1][CH2:1]CN3CCNC3=O)c2c1 O=C1NCCN1C[CH2:1][CH2:1]c1cncc2ccccc12 0.9167709 0.9168
 | 13.6327 14.9281 104.4475 0.9326217 C[NH:1][CH2:1]c1cncc2ccc([CH2:0][N:0]3CCCCCC3)cc12 c1cc2cc([CH2:0][N:0]3CCCCCC3)ccc2cn1 0.9326217 0.9326
12:33:07 <INFO> Score: 0.62 Agent NLL: 15.44 Valid:  98% Step: 6
 | Agent Prior Target Score SMILES Scaffold QED Score QED Score (raw)
 | 20.2248 28.5674 56.6169 0.6655023 Cc1ncc(C)[c:1]([CH2:1]c2ccc3cncc([CH2:0][CH2:0]CCCN)c3c2)n1 c1c[c:1]([CH2:1]c2ccc3cnccc3c2)ncn1 0.6655023 0.6655
 | 11.8540 10.5888 108.6287 0.9313871 [CH3:0][CH2:0]c1cncc2ccc([CH2:1][N:1]3CCC(O)CC3)cc12 c1cc2cc([CH2:1][N:1]3CCCCC3)ccc2cn1 0.9313871 0.9314
 | 15.4873 13.6885 86.2721 0.7809416 [CH3:0][CH2:0]c1cncc2ccc([CH2:1][NH:1]Cc3ccc(F)cn3)cc12 c1ccc(C[NH:1][CH2:1]c2ccc3cnccc3c2)nc1 0.7809416 0.7809
 | 8.6596 12.6670 79.3817 0.7191306 [CH3:0][CH2:0]c1cncc2ccc([CH2:1][O:1]c3cccnc3)cc12 c1cncc([O:1][CH2:1]c2ccc3cnccc3c2)c1 0.7191306 0.7191
 | 8.4864 12.7355 78.8183 0.7152641 [CH3:0][CH2:0]c1cncc2ccc([CH2:1][c:1]3cncnc3)cc12 c1cc2cc([CH2:1][c:1]3cncnc3)ccc2cn1 0.7152641 0.7153
 | 15.3113 22.9349 76.6628 0.7781070 [CH3:0][CH2:0]c1cncc2ccc([CH2:1][CH2:1]Nc3cnccn3)cc12 c1cnc(N[CH2:1][CH2:1]c2ccc3cnccc3c2)cn1 0.7781070 0.7781
 | 10.2012 14.2016 -14.2016 0.0000000 c1nc[c:0]([CH2:0]c2cncc3ccc([CH2:1][CH3:1])cc23)cn1 c1ccc2c([CH2:0][c:0]3cncnc3)cncc2c1 0.7152641 0.7153
 | 19.0106 21.6732 69.1946 0.7099046 OCC[CH2:0][CH2:0]c1cncc2ccc([CH2:1][c:1]3cncnc3)cc12 c1cc2cc([CH2:1][c:1]3cncnc3)ccc2cn1 0.7099046 0.7099
 | 27.2890 30.2134 64.5975 0.7407103 COC[CH2:0][CH2:0]c1cncc2ccc([CH2:1][N:1]3CCOCC(C)OC3C)cc12 c1cc2cc([CH2:1][N:1]3CCOCCOC3)ccc2cn1 0.7407103 0.7407
 | 19.0498 28.2196 55.1891 0.6516310 C[N:0](CC#N)[CH2:0]c1cncc2ccc([CH2:1][CH2:1]n3cncn3)cc12 c1cc2cc([CH2:1][CH2:1]n3cncn3)ccc2cn1 0.6516310 0.6516
12:33:10 <INFO> Score: 0.63 Agent NLL: 16.82 Valid:  97% Step: 7
 | Agent Prior Target Score SMILES Scaffold QED Score QED Score (raw)
 | 22.6097 28.3131 32.0391 0.4715011 CCCCC1CC=C(C[CH2:1][CH2:1]c2ccc3cncc([CH2:0][CH3:0])c3c2)CC1 C1=C(C[CH2:1][CH2:1]c2ccc3cnccc3c2)CCCC1 0.4715011 0.4715
 | 14.2177 17.9859 95.6164 0.8875181 [CH3:0][CH2:0]c1cncc2ccc([CH2:1][CH2:1]CN3CCC(CO)CC3)cc12 c1cc2cc([CH2:1][CH2:1]CN3CCCCC3)ccc2cn1 0.8875181 0.8875
 | 8.2604 7.2474 -7.2474 0.0000000 [CH3:0][CH2:0]c1cncc2ccc([CH2:1][NH2:1])cc12 c1ccc2cnccc2c1 0.7809000 0.7809
 | 11.5618 14.9037 77.7761 0.7240609 [CH3:0][CH2:0]c1cncc2ccc([CH2:1][CH2:1]c3cnccn3)cc12 c1cnc([CH2:1][CH2:1]c2ccc3cnccc3c2)cn1 0.7240609 0.7241
 | 7.7522 14.4244 -14.4244 0.0000000 [CH3:0][CH2:0]c1cncc2ccc([CH2:1][CH2:1]c3cnccn3)cc12 c1cnc([CH2:1][CH2:1]c2ccc3cnccc3c2)cn1 0.7240609 0.7241
 | 8.0450 13.9875 77.7388 0.7166112 [CH3:0][CH2:0]c1cncc2ccc([CH2:1][CH2:1]n3cncn3)cc12 c1cc2cc([CH2:1][CH2:1]n3cncn3)ccc2cn1 0.7166112 0.7166
 | 15.7497 17.9214 71.6308 0.6996265 c1cnc[c:1]([CH2:1]c2ccc3cncc([CH2:0][N:0]4CCCCCC4)c3c2)c1 c1cnc[c:1]([CH2:1]c2ccc3cncc([CH2:0][N:0]4CCCCCC4)c3c2)c1 0.6996265 0.6996
 | 17.2268 29.6476 53.4284 0.6490307 c1cnc(C2CCC[N:1]2[CH2:1]c2ccc3cncc([CH2:0][N:0]4CCCOCC4)c3c2)nc1 c1cnc(C2CCC[N:1]2[CH2:1]c2ccc3cncc([CH2:0][N:0]4CCCOCC4)c3c2)nc1 0.6490307 0.6490
 | 9.8359 18.1935 81.9098 0.7820569 [NH2:0][CH2:0]c1cncc2ccc([CH2:1][O:1]c3cnccn3)cc12 c1cnc([O:1][CH2:1]c2ccc3cnccc3c2)cn1 0.7820569 0.7821
 | 15.0833 24.0710 49.5601 0.5752429 Cc1nccn[c:0]1[CH2:0]c1cncc2ccc([CH2:1][c:1]3cnccn3)cc12 c1cn[c:0]([CH2:0]c2cncc3ccc([CH2:1][c:1]4cnccn4)cc23)cn1 0.5752429 0.5752
12:33:13 <INFO> Score: 0.59 Agent NLL: 15.17 Valid:  97% Step: 8
 | Agent Prior Target Score SMILES Scaffold QED Score QED Score (raw)
 | 22.1534 36.7840 43.9908 0.6310529 C[CH2:0][CH2:0]c1cnc2cncc([CH2:1][N:1]3CCOC(Cc4cccs4)CC3)c2c1 c1csc(CC2CC[N:1]([CH2:1]c3cncc4ncccc34)CCO2)c1 0.6310529 0.6311
 | 9.8984 16.5952 93.1255 0.8571925 [CH3:0][CH2:0]c1cnc2cncc([CH2:1][CH:1]3CCN(C)CC3)c2c1 c1cnc2cncc([CH2:1][CH:1]3CCNCC3)c2c1 0.8571925 0.8572
 | 13.3427 23.3855 87.5341 0.8665593 [CH3:0][CH2:0]c1cnc2cncc([CH2:1][CH2:1]C3CCOCCO3)c2c1 c1cnc2cncc([CH2:1][CH2:1]C3CCOCCO3)c2c1 0.8665593 0.8666
 | 7.6870 19.0104 -19.0104 0.0000000 [CH3:0][CH2:0]c1cnc2cncc([CH2:1][c:1]3ccncn3)c2c1 c1cnc2cncc([CH2:1][c:1]3ccncn3)c2c1 0.7165572 0.7166
 | 9.6244 16.4017 76.2781 0.7240609 [CH3:0][CH2:0]c1cnc2cncc([CH2:1][CH2:1]c3cccnc3)c2c1 c1cncc([CH2:1][CH2:1]c2cncc3ncccc23)c1 0.7240609 0.7241
 | 15.2536 21.5464 61.5681 0.6493322 c1cn(CC[NH:0][CH2:0]c2cnc3cncc([CH2:1][N:1]4CCOCC4)c3c2)cn1 c1cn(CC[NH:0][CH2:0]c2cnc3cncc([CH2:1][N:1]4CCOCC4)c3c2)cn1 0.6493322 0.6493
 | 10.9392 13.1228 82.0200 0.7433033 [NH2:0][CH2:0]c1cnc2cncc([CH2:1][NH:1]c3cnccn3)c2c1 c1cnc2cncc([CH2:1][NH:1]c3cnccn3)c2c1 0.7433033 0.7433
 | 16.8226 16.1813 -16.1813 0.0000000 CS(=O)(=O)NC[CH2:0][CH2:0]c1cnc2cncc([CH2:1][CH3:1])c2c1 c1cnc2cnccc2c1 0.8224362 0.8224
 | 14.5971 20.6231 70.9917 0.7157402 [CH3:0][CH2:0]c1cnc2cncc([CH2:1][c:1]3ccn(C)c3)c2c1 c1cnc2cncc([CH2:1][c:1]3cc[nH]c3)c2c1 0.7157402 0.7157
 | 14.3973 20.4738 73.1857 0.7317147 [CH3:0][CH2:0]c1cnc2cncc([CH2:1][c:1]3csc(NCCO)n3)c2c1 c1cnc2cncc([CH2:1][c:1]3cscn3)c2c1 0.7317147 0.7317
12:33:16 <INFO> Score: 0.62 Agent NLL: 15.19 Valid:  98% Step: 9
 | Agent Prior Target Score SMILES Scaffold QED Score QED Score (raw)
 | 14.6275 14.8772 -14.8772 0.0000000 N#C[CH2:0][CH2:0]c1ccc2cncc([CH2:1][CH2:1]C(=O)O)c2c1 c1ccc2cnccc2c1 0.8897730 0.8898
 | 16.2990 19.8893 83.7627 0.8097810 CN1CC[N:1]([CH2:1]c2cncc3ccc([CH2:0][CH2:0]Cl)cc23)CC1 c1ccc2c([CH2:1][N:1]3CCNCC3)cncc2c1 0.8097810 0.8098
 | 20.5371 26.9477 41.7208 0.5364725 CCc1nccn1[CH2:0][CH2:0]c1ccc2cncc([CH2:1][c:1]3ccnnc3)c2c1 c1cn([CH2:0][CH2:0]c2ccc3cncc([CH2:1][c:1]4ccnnc4)c3c2)cn1 0.5364725 0.5365
 | 14.2838 15.5642 85.5849 0.7902273 C=CCN1CC[N:1]([CH2:1]c2cncc3ccc([CH2:0][CH3:0])cc23)CC1 c1ccc2c([CH2:1][N:1]3CCNCC3)cncc2c1 0.7902273 0.7902
 | 12.6579 13.8483 86.7777 0.7861403 C[NH:0][CH2:0]c1ccc2cncc([CH2:1][c:1]3cccnc3)c2c1 c1ccc2c([CH2:1][c:1]3cccnc3)cncc2c1 0.7861403 0.7861
 | 13.6322 15.9001 80.1526 0.7504121 C[NH:0][CH2:0]c1ccc2cncc([CH2:1][NH:1]c3ccncn3)c2c1 c1ccc2c([CH2:1][NH:1]c3ccncn3)cncc2c1 0.7504121 0.7504
 | 19.7702 15.8667 99.5717 0.9018623 c1cc2cncc([CH2:1][NH2:1])c2cc1[CH2:0][CH2:0]C1CNCCCO1 c1cc2cc([CH2:0][CH2:0]C3CNCCCO3)ccc2cn1 0.9018623 0.9019
 | 9.6561 14.2393 78.7724 0.7266539 [CH3:0][CH2:0]c1ccc2cncc([CH2:1][O:1]c3cncnc3)c2c1 c1ccc2c([CH2:1][O:1]c3cncnc3)cncc2c1 0.7266539 0.7267
 | 17.1503 19.3482 85.9912 0.8229642 CN1CCOC([CH2:0][CH2:0]c2ccc3cncc([CH2:1][N:1]4CCOCC4)c3c2)C1 c1cc2cncc([CH2:1][N:1]3CCOCC3)c2cc1[CH2:0][CH2:0]C1CNCCO1 0.8229642 0.8230
 | 14.0692 14.9365 77.5301 0.7223952 c1cnc([O:1][CH2:1]c2cncc3ccc([CH2:0][N:0]4CCCC4)cc23)cn1 c1cnc([O:1][CH2:1]c2cncc3ccc([CH2:0][N:0]4CCCC4)cc23)cn1 0.7223952 0.7224
12:33:19 <INFO> Score: 0.64 Agent NLL: 15.74 Valid:  98% Step: 10
 | Agent Prior Target Score SMILES Scaffold QED Score QED Score (raw)
 | 11.3236 17.3868 -17.3868 0.0000000 CCC[CH2:0][CH2:0]c1cncc2ncc([CH2:1][NH2:1])cc12 c1cnc2cnccc2c1 0.8020009 0.8020
 | 14.5878 21.6732 77.2613 0.7729254 OC[CH2:0][CH2:0]c1cncc2ncc([CH2:1][c:1]3cnccn3)cc12 c1cc2cc([CH2:1][c:1]3cnccn3)cnc2cn1 0.7729254 0.7729
 | 12.7203 14.6247 85.8797 0.7851899 [CH3:0][CH2:0]c1cncc2ncc([CH2:1][NH:1]c3ccncn3)cc12 c1cc([NH:1][CH2:1]c2cnc3cnccc3c2)ncn1 0.7851899 0.7852
 | 14.5920 15.6247 90.8771 0.8320453 [CH3:0][CH2:0]c1cncc2ncc([CH2:1][N:1]3CCN(C(=O)COC)CC3)cc12 c1cc2cc([CH2:1][N:1]3CCNCC3)cnc2cn1 0.8320453 0.8320
 | 14.6525 15.6820 93.3061 0.8514694 [CH3:0][CH2:0]c1cncc2ncc([CH2:1][CH2:1]CC(=O)N3CCCC3)cc12 O=C(C[CH2:1][CH2:1]c1cnc2cnccc2c1)N1CCCC1 0.8514694 0.8515
 | 14.6801 18.2845 83.6740 0.7965502 [CH3:0][CH2:0]c1cncc2ncc([CH2:1][CH2:1]c3cnccc3N)cc12 c1cncc([CH2:1][CH2:1]c2cnc3cnccc3c2)c1 0.7965502 0.7966
 | 11.3158 18.6161 75.5414 0.7356051 [CH3:0][CH2:0]c1cncc2ncc([CH2:1][c:1]3cnccc3OC)cc12 c1cnc[c:1]([CH2:1]c2cnc3cnccc3c2)c1 0.7356051 0.7356
 | 10.3641 22.1460 61.3043 0.6519551 [CH3:0][CH2:0]c1cncc2ncc([CH2:1][CH2:1]CCc3cnccn3)cc12 c1cnc(CC[CH2:1][CH2:1]c2cnc3cnccc3c2)cn1 0.6519551 0.6520
 | 8.8408 15.7467 77.1727 0.7259332 [CH3:0][CH2:0]c1cncc2ncc([CH2:1][O:1]c3cncnc3)cc12 c1cc2cc([CH2:1][O:1]c3cncnc3)cnc2cn1 0.7259332 0.7259
 | 11.2245 14.1625 86.3418 0.7851899 [CH3:0][CH2:0]c1cncc2ncc([CH2:1][NH:1]c3cncnc3)cc12 c1cc2cc([CH2:1][NH:1]c3cncnc3)cnc2cn1 0.7851899 0.7852
12:33:23 <INFO> Score: 0.63 Agent NLL: 14.73 Valid:  97% Step: 11
 | Agent Prior Target Score SMILES Scaffold QED Score QED Score (raw)
 | 13.9810 23.0686 59.7993 0.6474057 Cl[CH2:0][CH2:0]c1ccc2cncc([CH2:1][CH2:1]Cn3ccnc3)c2c1 c1ccc2c([CH2:1][CH2:1]Cn3ccnc3)cncc2c1 0.6474057 0.6474
 | 7.1150 12.1930 -12.1930 0.0000000 [CH3:0][CH2:0]c1ccc2cncc([CH2:1][CH:1]3CCOCC3)c2c1 c1ccc2c([CH2:1][CH:1]3CCOCC3)cncc2c1 0.8326578 0.8327
 | 18.7077 21.7262 60.3964 0.6415827 [CH3:0][CH2:0]c1ccc2cncc([CH2:1][CH2:1]CN3CCC(Cn4cncn4)CC3)c2c1 c1ccc2c([CH2:1][CH2:1]CN3CCC(Cn4cncn4)CC3)cncc2c1 0.6415827 0.6416
 | 32.6036 45.5087 32.4593 0.6091250 [CH3:0][CH2:0]c1ccc2cncc([CH2:1][N:1](C)Cc3cn(CC4CCSC4)cn3)c2c1 c1ccc2c([CH2:1][NH:1]Cc3cn(CC4CCSC4)cn3)cncc2c1 0.6091250 0.6091
 | 16.0440 20.7498 72.4295 0.7279631 [CH3:0][CH2:0]c1ccc2cncc([CH2:1][c:1]3cncc(OC)c3)c2c1 c1ccc2c([CH2:1][c:1]3cccnc3)cncc2c1 0.7279631 0.7280
 | 13.1446 14.8381 87.0714 0.7961678 [CH3:0][CH2:0]c1ccc2cncc([CH2:1][c:1]3ccc(CN)cn3)c2c1 c1cc[c:1]([CH2:1]c2cncc3ccccc23)nc1 0.7961678 0.7962
 | 7.9253 14.9389 -14.9389 0.0000000 c1cn[c:1]([CH2:1]c2cncc3ccc([CH2:0][N:0]4CCOCC4)cc23)cn1 c1cn[c:1]([CH2:1]c2cncc3ccc([CH2:0][N:0]4CCOCC4)cc23)cn1 0.7389151 0.7389
 | 13.7460 15.3459 101.4109 0.9121630 [NH2:0][CH2:0]c1ccc2cncc([CH2:1][CH2:1]CN3CCOCC3)c2c1 c1ccc2c([CH2:1][CH2:1]CN3CCOCC3)cncc2c1 0.9121630 0.9122
 | 18.5782 24.0870 73.5003 0.7624006 CCCC1CCCOC1[O:0][CH2:0]c1ccc2cncc([CH2:1][CH3:1])c2c1 c1cc2cc([CH2:0][O:0]C3CCCCO3)ccc2cn1 0.7624006 0.7624
 | 23.6331 41.9069 44.5379 0.6753500 OCC1C(O)CCCC1[NH:0][CH2:0]c1ccc2cncc([CH2:1][N:1]3CCCCOCC3)c2c1 c1cc2cncc([CH2:1][N:1]3CCCCOCC3)c2cc1[CH2:0][NH:0]C1CCCCC1 0.6753500 0.6754
12:33:26 <INFO> Score: 0.57 Agent NLL: 14.45 Valid:  95% Step: 12
 | Agent Prior Target Score SMILES Scaffold QED Score QED Score (raw)
 | 13.9286 17.0063 84.8712 0.7959184 c1cc[c:1]([CH2:1]c2ccc3cncc([CH2:0][CH:0]4CCNCC4)c3c2)nc1 c1cc[c:1]([CH2:1]c2ccc3cncc([CH2:0][CH:0]4CCNCC4)c3c2)nc1 0.7959184 0.7959
 | 12.1235 15.5197 74.9943 0.7071407 NCC[CH2:0][CH2:0]c1cncc2ccc([CH2:1][c:1]3ccccn3)cc12 c1cc[c:1]([CH2:1]c2ccc3cnccc3c2)nc1 0.7071407 0.7071
 | 6.1910 5.1963 -5.1963 0.0000000 [CH3:0][CH2:0]c1cncc2ccc([CH2:1][CH3:1])cc12 c1ccc2cnccc2c1 0.6987440 0.6987
 | 17.6261 22.5513 -22.5513 0.0000000 [CH3:0][CH2:0]c1cncc2ccc([CH2:1][CH2:1]CNCCCCl)cc12 c1ccc2cnccc2c1 0.5881120 0.5881
 | 10.2056 13.1752 105.6180 0.9280718 [CH3:0][CH2:0]c1cncc2ccc([CH2:1][N:1]3CCCNCC3)cc12 c1cc2cc([CH2:1][N:1]3CCCNCC3)ccc2cn1 0.9280718 0.9281
 | 15.4020 16.4491 92.9706 0.8548415 [CH3:0][CH2:0]c1cncc2ccc([CH2:1][CH:1]3CCCC(N)CC3)cc12 c1cc2cc([CH2:1][CH:1]3CCCCCC3)ccc2cn1 0.8548415 0.8548
 | 10.1821 12.0922 94.8186 0.8352401 [CH3:0][CH2:0]c1cncc2ccc([CH2:1][N:1]3CCC(C)CC3)cc12 c1cc2cc([CH2:1][N:1]3CCCCC3)ccc2cn1 0.8352401 0.8352
 | 13.8294 16.7699 86.6810 0.8082096 [CH3:0][CH2:0]c1cncc2ccc([CH2:1][N+:1]3(C)CCCOCC3)cc12 c1cc2cc([CH2:1][NH+:1]3CCCOCC3)ccc2cn1 0.8082096 0.8082
 | 12.8820 13.1947 102.1982 0.9015069 [CH3:0][CH2:0]c1cncc2ccc([CH2:1][N:1]3CCC(NS(C)(=O)=O)CC3)cc12 c1cc2cc([CH2:1][N:1]3CCCCC3)ccc2cn1 0.9015069 0.9015
 | 8.8599 14.2100 101.4016 0.9032149 [CH3:0][CH2:0]c1cncc2ccc([CH2:1][CH2:1]C3CCCN3)cc12 c1cc2cc([CH2:1][CH2:1]C3CCCN3)ccc2cn1 0.9032149 0.9032
12:33:30 <INFO> Score: 0.64 Agent NLL: 14.63 Valid:  98% Step: 13
 | Agent Prior Target Score SMILES Scaffold QED Score QED Score (raw)
 | 10.6650 11.1310 79.6820 0.7094771 NCC[CH2:0][CH2:0]c1cncc2ncc([CH2:1][c:1]3ccncc3)cc12 c1c[c:1]([CH2:1]c2cnc3cnccc3c2)ccn1 0.7094771 0.7095
 | 29.0506 34.5682 49.2744 0.6550199 [CH3:0][CH2:0]c1cncc2ncc([CH2:1][CH:1]3CCN(C(=O)Cn4ncncc4=O)CC3)cc12 O=C(Cn1ncncc1=O)N1CC[CH:1]([CH2:1]c2cnc3cnccc3c2)CC1 0.6550199 0.6550
 | 22.7985 23.5906 93.5699 0.9153166 [CH3:0][CH2:0]c1cncc2ncc([CH2:1][CH:1]3CCN(C(=O)CC(C)O)C3)cc12 c1cc2cc([CH2:1][CH:1]3CCNC3)cnc2cn1 0.9153166 0.9153
 | 8.7632 12.6236 104.6360 0.9160912 [CH3:0][CH2:0]c1cncc2ncc([CH2:1][CH:1]3CCCNC3)cc12 c1cc2cc([CH2:1][CH:1]3CCCNC3)cnc2cn1 0.9160912 0.9161
 | 11.8783 15.5548 104.3660 0.9368806 [CH3:0][CH2:0]c1cncc2ncc([CH2:1][N:1]3CCCC(CO)C3)cc12 c1cc2cc([CH2:1][N:1]3CCCCC3)cnc2cn1 0.9368806 0.9369
 | 14.5211 17.9223 73.9843 0.7180198 [CH3:0][CH2:0]c1cncc2ncc([CH2:1][c:1]3nnc(C)o3)cc12 c1cc2cc([CH2:1][c:1]3nnco3)cnc2cn1 0.7180198 0.7180
 | 18.5653 24.6715 56.3742 0.6331698 NCC[CH2:0][CH2:0]c1cncc2ncc([CH2:1][CH:1]3CNSC3)cc12 c1cc2cc([CH2:1][CH:1]3CNSC3)cnc2cn1 0.6331698 0.6332
 | 13.0495 13.1139 86.6533 0.7794314 OC[CH2:0][CH2:0]c1cncc2ncc([CH2:1][c:1]3ccncc3)cc12 c1c[c:1]([CH2:1]c2cnc3cnccc3c2)ccn1 0.7794314 0.7794
 | 36.5913 47.2315 11.4393 0.4583655 CNC(COC)C(C)[NH:0][CH2:0]c1cncc2ncc([CH2:1][CH2:1]CCn3ccnc3)cc12 c1cc2cc([CH2:1][CH2:1]CCn3ccnc3)cnc2cn1 0.4583655 0.4584
 | 15.5659 22.1947 64.7462 0.6792260 OCCC[O:0][CH2:0]c1cncc2ncc([CH2:1][c:1]3ccncc3)cc12 c1c[c:1]([CH2:1]c2cnc3cnccc3c2)ccn1 0.6792260 0.6792
12:33:33 <INFO> Score: 0.63 Agent NLL: 14.49 Valid:  98% Step: 14
 | Agent Prior Target Score SMILES Scaffold QED Score QED Score (raw)
 | 11.5434 14.7293 102.7924 0.9181379 NC[CH2:0][CH2:0]c1cncc2ccc([CH2:1][N:1]3CCCCCC3)cc12 c1cc2cc([CH2:1][N:1]3CCCCCC3)ccc2cn1 0.9181379 0.9181
 | 10.3961 17.1866 90.4102 0.8405994 [CH3:0][CH2:0]c1cncc2ccc([CH2:1][CH2:1]C3CCN(C)C3)cc12 c1cc2cc([CH2:1][CH2:1]C3CCNC3)ccc2cn1 0.8405994 0.8406
 | 6.7816 4.8457 -4.8457 0.0000000 [CH3:0][CH2:0]c1cncc2ccc([CH2:1][NH2:1])cc12 c1ccc2cnccc2c1 0.7809000 0.7809
 | 10.1527 14.5632 104.1296 0.9272879 [CH3:0][CH2:0]c1cncc2ccc([CH2:1][CH2:1]C3COCCN3)cc12 c1cc2cc([CH2:1][CH2:1]C3COCCN3)ccc2cn1 0.9272879 0.9273
 | 19.7908 19.2234 93.1724 0.8780919 [CH3:0][CH2:0]c1cncc2ccc([CH2:1][CH:1]3C=CCC(=O)NC3)cc12 O=C1CC=C[CH:1]([CH2:1]c2ccc3cnccc3c2)CN1 0.8780919 0.8781
 | 19.9641 23.2151 85.8821 0.8523217 [CH3:0][CH2:0]c1cncc2ccc([CH2:1][N:1]3CCCS(=O)(=O)COCC3)cc12 O=S1(=O)CCC[N:1]([CH2:1]c2ccc3cnccc3c2)CCOC1 0.8523217 0.8523
 | 9.9007 21.0762 70.1115 0.7124036 [CH3:0][CH2:0]c1cncc2ccc([CH2:1][CH2:1]Cc3ccncn3)cc12 c1cc(C[CH2:1][CH2:1]c2ccc3cnccc3c2)ncn1 0.7124036 0.7124
 | 15.8091 27.2793 59.7938 0.6802589 [CH3:0][CH2:0]c1cncc2ccc([CH2:1][S:1]c3ccnnc3)cc12 c1cc2cc([CH2:1][S:1]c3ccnnc3)ccc2cn1 0.6802589 0.6803
 | 13.1212 13.6064 78.4800 0.7194244 [CH3:0][CH2:0]c1cncc2ccc([CH2:1][c:1]3nc(C)no3)cc12 c1cc2cc([CH2:1][c:1]3ncno3)ccc2cn1 0.7194244 0.7194
 | 18.9237 25.6516 -25.6516 0.0000000 C[CH2:1][CH2:1]c1ccc2cncc([CH2:0][NH:0]CCCCC#N)c2c1 c1ccc2cnccc2c1 0.7447353 0.7447
12:33:36 <INFO> Score: 0.63 Agent NLL: 14.64 Valid:  98% Step: 15
 | Agent Prior Target Score SMILES Scaffold QED Score QED Score (raw)
 | 13.1698 17.0579 69.6240 0.6772021 NCC[CH2:1][CH2:1]c1cncc2ccc([CH2:0][CH2:0]c3ccncc3)cc12 c1cc([CH2:0][CH2:0]c2ccc3cnccc3c2)ccn1 0.6772021 0.6772
 | 13.1805 13.9840 76.8676 0.7097781 [CH3:0][CH2:0]c1ccc2cncc([CH2:1][c:1]3ccncc3Cl)c2c1 c1ccc2c([CH2:1][c:1]3ccncc3)cncc2c1 0.7097781 0.7098
 | 9.6981 12.9014 97.6566 0.8637345 c1cc2cncc([CH2:1][N:1]3CCOCC3)c2cc1[CH2:0][N:0]1CCCCC1 c1cc2cncc([CH2:1][N:1]3CCOCC3)c2cc1[CH2:0][N:0]1CCCCC1 0.8637345 0.8637
 | 16.2379 23.9991 67.9183 0.7181046 Cc1scc[c:0]1[CH2:0]c1ccc2cncc([CH2:1][N:1]3CCOCC3)c2c1 c1c[c:0]([CH2:0]c2ccc3cncc([CH2:1][N:1]4CCOCC4)c3c2)cs1 0.7181046 0.7181
 | 22.5380 22.9353 74.7507 0.7631715 CS(=O)(=O)N1CCC[CH:1]([CH2:1]c2cncc3ccc([CH2:0][CH2:0]Cl)cc23)C1 c1ccc2c([CH2:1][CH:1]3CCCNC3)cncc2c1 0.7631715 0.7632
 | 20.8292 19.1635 -19.1635 0.0000000 C#CC[O:0][CH2:0]c1ccc2cncc([CH2:1][c:1]3ccccc3OC)c2c1 c1cc[c:1]([CH2:1]c2cncc3ccccc23)cc1 0.5088156 0.5088
 | 14.1408 14.1444 -14.1444 0.0000000 CCC[O:0][CH2:0]c1ccc2cncc([CH2:1][NH2:1])c2c1 c1ccc2cnccc2c1 0.8031352 0.8031
 | 19.3730 18.7948 -18.7948 0.0000000 OCCc1cccc[c:0]1[CH2:0]c1ccc2cncc([CH2:1][CH3:1])c2c1 c1cc[c:0]([CH2:0]c2ccc3cnccc3c2)cc1 0.7725439 0.7725
 | 11.0570 15.3683 91.0363 0.8312859 [CH3:0][CH2:0]c1ccc2cncc([CH2:1][CH2:1]C3CCOCC3)c2c1 c1ccc2c([CH2:1][CH2:1]C3CCOCC3)cncc2c1 0.8312859 0.8313
 | 13.2606 16.7675 -16.7675 0.0000000 [CH3:0][CH2:0]c1ccc2cncc([CH2:1][O:1]c3cnccn3)c2c1 c1ccc2c([CH2:1][O:1]c3cnccn3)cncc2c1 0.7266539 0.7267
12:33:38 <INFO> Score: 0.57 Agent NLL: 13.64 Valid:  97% Step: 16
 | Agent Prior Target Score SMILES Scaffold QED Score QED Score (raw)
 | 13.4045 18.6488 76.1216 0.7403940 CC[CH2:0][CH2:0]c1cncc2ccc([CH2:1][N:1]3CCCCCCC3)cc12 c1cc2cc([CH2:1][N:1]3CCCCCCC3)ccc2cn1 0.7403940 0.7404
 | 22.7726 26.2009 58.1301 0.6588363 CC[CH2:0][CH2:0]c1cncc2ccc([CH2:1][NH:1]Cc3cncc(CN)c3)cc12 c1cncc(C[NH:1][CH2:1]c2ccc3cnccc3c2)c1 0.6588363 0.6588
 | 12.4014 13.9661 85.8163 0.7795497 OC[CH2:0][CH2:0]c1cncc2ccc([CH2:1][c:1]3cccnc3)cc12 c1cnc[c:1]([CH2:1]c2ccc3cnccc3c2)c1 0.7795497 0.7795
 | 19.4112 21.7837 70.1927 0.7185660 Cn1cnnc1[CH2:0][CH2:0]c1cncc2ccc([CH2:1][N:1]3CCCCC3)cc12 c1nnc([CH2:0][CH2:0]c2cncc3ccc([CH2:1][N:1]4CCCCC4)cc23)[nH]1 0.7185660 0.7186
 | 8.8369 8.9103 -8.9103 0.0000000 [CH3:0][CH2:0]c1cncc2ccc([CH2:1][CH2:1]Cl)cc12 c1ccc2cnccc2c1 0.7195524 0.7196
 | 8.6804 10.8358 95.4211 0.8301323 [CH3:0][CH2:0]c1cncc2ccc([CH2:1][N:1]3CCCCCC3)cc12 c1cc2cc([CH2:1][N:1]3CCCCCC3)ccc2cn1 0.8301323 0.8301
 | 10.5471 14.7348 102.7911 0.9181709 [CH3:0][CH2:0]c1cncc2ccc([CH2:1][NH:1]CC3CCN(C)CC3)cc12 c1cc2cc([CH2:1][NH:1]CC3CCNCC3)ccc2cn1 0.9181709 0.9182
 | 16.5708 23.4318 87.4446 0.8662222 [CH3:0][CH2:0]c1cncc2ccc([CH2:1][CH2:1]C3OCCOCO3)cc12 c1cc2cc([CH2:1][CH2:1]C3OCCOCO3)ccc2cn1 0.8662222 0.8662
 | 9.3418 12.0249 -12.0249 0.0000000 [CH3:0][CH2:0]c1cncc2ccc([CH2:1][c:1]3cccnc3)cc12 c1cnc[c:1]([CH2:1]c2ccc3cnccc3c2)c1 0.7045499 0.7045
 | 16.7245 14.6266 -14.6266 0.0000000 C[NH:0][CH2:0]c1cncc2ccc([CH2:1][CH2:1]CNC(C)=O)cc12 c1ccc2cnccc2c1 0.7903779 0.7904
12:33:40 <INFO> Score: 0.72 Agent NLL: 15.31 Valid:  98% Step: 17
 | Agent Prior Target Score SMILES Scaffold QED Score QED Score (raw)
 | 9.7058 19.2332 72.0983 0.7135266 c1ncn([CH2:0][CH2:0]c2cnc3cncc([CH2:1][CH3:1])c3c2)n1 c1cc2cc([CH2:0][CH2:0]n3cncn3)cnc2cn1 0.7135266 0.7135
 | 20.0340 25.5416 88.4829 0.8908164 [CH3:0][CH2:0]c1cnc2cncc([CH2:1][CH2:1]CN3CCCCC3CN)c2c1 c1cnc2cncc([CH2:1][CH2:1]CN3CCCCC3)c2c1 0.8908164 0.8908
 | 13.6659 19.7297 97.0751 0.9125379 [CH3:0][CH2:0]c1cnc2cncc([CH2:1][CH2:1]C3CCNC3)c2c1 c1cnc2cncc([CH2:1][CH2:1]C3CCNC3)c2c1 0.9125379 0.9125
 | 10.9578 13.6554 92.9608 0.8329389 CN1CC[N:1]([CH2:1]c2cncc3ncc([CH2:0][N:0]4CCOCC4)cc23)CC1 c1nc2cncc([CH2:1][N:1]3CCNCC3)c2cc1[CH2:0][N:0]1CCOCC1 0.8329389 0.8329
 | 17.2944 19.8765 -19.8765 0.0000000 CCC[CH2:1][CH2:1]c1cncc2ncc([CH2:0][NH:0]CCCO)cc12 c1cnc2cnccc2c1 0.6963204 0.6963
 | 8.9206 10.2632 -10.2632 0.0000000 NCC[NH:0][CH2:0]c1cnc2cncc([CH2:1][CH3:1])c2c1 c1cnc2cnccc2c1 0.7585458 0.7585
 | 13.7775 13.0738 86.8867 0.7809416 Fc1ccc(C[NH:0][CH2:0]c2cnc3cncc([CH2:1][CH3:1])c3c2)cc1 c1ccc(C[NH:0][CH2:0]c2cnc3cnccc3c2)cc1 0.7809416 0.7809
 | 10.6657 15.6757 102.3519 0.9220906 OCCC1CC[N:0]([CH2:0]c2cnc3cncc([CH2:1][CH3:1])c3c2)CC1 c1cc2cc([CH2:0][N:0]3CCCCC3)cnc2cn1 0.9220906 0.9221
 | 6.6242 9.8370 98.0914 0.8431911 c1nc2cncc([CH2:1][CH3:1])c2cc1[CH2:0][N:0]1CCCCC1 c1cc2cc([CH2:0][N:0]3CCCCC3)cnc2cn1 0.8431911 0.8432
 | 8.8696 14.3714 96.1104 0.8631389 c1nc2cncc([CH2:1][N:1]3CCOCC3)c2cc1[CH2:0][N:0]1CCCCC1 c1nc2cncc([CH2:1][N:1]3CCOCC3)c2cc1[CH2:0][N:0]1CCCCC1 0.8631389 0.8631
12:33:40 <INFO> Terminating early in step = 16
12:33:42 <INFO> Finished stage 2 >>>
12:33:43 <INFO> Peak main memory usage: 3168.625 MiB
12:33:43 <INFO> Finished REINVENT on 2024-01-07
